"input" in: freepdk45.lylvs:50
    Polygons (raw): 542890 (flat)  383 (hierarchical)
    Elapsed: 0.000s  Memory: 778.00M
"input" in: freepdk45.lylvs:51
    Polygons (raw): 113913 (flat)  108 (hierarchical)
    Elapsed: 0.000s  Memory: 778.00M
"input" in: freepdk45.lylvs:52
    Polygons (raw): 59185 (flat)  83 (hierarchical)
    Elapsed: 0.000s  Memory: 778.00M
"input" in: freepdk45.lylvs:53
    Polygons (raw): 150964 (flat)  104 (hierarchical)
    Elapsed: 0.010s  Memory: 778.00M
"input" in: freepdk45.lylvs:54
    Polygons (raw): 49390 (flat)  69 (hierarchical)
    Elapsed: 0.000s  Memory: 778.00M
"input" in: freepdk45.lylvs:55
    Polygons (raw): 102136 (flat)  155 (hierarchical)
    Elapsed: 0.000s  Memory: 778.00M
"input" in: freepdk45.lylvs:56
    Polygons (raw): 0 (flat)  0 (hierarchical)
    Elapsed: 0.000s  Memory: 778.00M
"input" in: freepdk45.lylvs:57
    Polygons (raw): 0 (flat)  0 (hierarchical)
    Elapsed: 0.000s  Memory: 778.00M
"input" in: freepdk45.lylvs:58
    Polygons (raw): 444311 (flat)  1703 (hierarchical)
    Elapsed: 0.010s  Memory: 778.00M
"input" in: freepdk45.lylvs:59
    Polygons (raw): 221303 (flat)  266 (hierarchical)
    Elapsed: 0.000s  Memory: 778.00M
"input" in: freepdk45.lylvs:60
    Polygons (raw): 628565 (flat)  34848 (hierarchical)
    Elapsed: 0.020s  Memory: 780.00M
"input" in: freepdk45.lylvs:61
    Polygons (raw): 0 (flat)  0 (hierarchical)
    Elapsed: 0.000s  Memory: 780.00M
"input" in: freepdk45.lylvs:62
    Polygons (raw): 0 (flat)  0 (hierarchical)
    Elapsed: 0.000s  Memory: 780.00M
"input" in: freepdk45.lylvs:63
    Polygons (raw): 81580 (flat)  65 (hierarchical)
    Elapsed: 0.000s  Memory: 780.00M
"input" in: freepdk45.lylvs:64
    Polygons (raw): 328039 (flat)  17255 (hierarchical)
    Elapsed: 0.010s  Memory: 781.00M
"input" in: freepdk45.lylvs:65
    Polygons (raw): 0 (flat)  0 (hierarchical)
    Elapsed: 0.000s  Memory: 781.00M
"input" in: freepdk45.lylvs:66
    Polygons (raw): 0 (flat)  0 (hierarchical)
    Elapsed: 0.000s  Memory: 781.00M
"input" in: freepdk45.lylvs:67
    Polygons (raw): 5636 (flat)  4 (hierarchical)
    Elapsed: 0.000s  Memory: 781.00M
"input" in: freepdk45.lylvs:68
    Polygons (raw): 12537 (flat)  2528 (hierarchical)
    Elapsed: 0.010s  Memory: 782.00M
"input" in: freepdk45.lylvs:69
    Polygons (raw): 0 (flat)  0 (hierarchical)
    Elapsed: 0.000s  Memory: 782.00M
"input" in: freepdk45.lylvs:70
    Polygons (raw): 0 (flat)  0 (hierarchical)
    Elapsed: 0.000s  Memory: 782.00M
"input" in: freepdk45.lylvs:71
    Polygons (raw): 3972 (flat)  2 (hierarchical)
    Elapsed: 0.000s  Memory: 782.00M
"input" in: freepdk45.lylvs:72
    Polygons (raw): 4396 (flat)  354 (hierarchical)
    Elapsed: 0.000s  Memory: 782.00M
"input" in: freepdk45.lylvs:73
    Polygons (raw): 0 (flat)  0 (hierarchical)
    Elapsed: 0.000s  Memory: 782.00M
"input" in: freepdk45.lylvs:74
    Polygons (raw): 0 (flat)  0 (hierarchical)
    Elapsed: 0.000s  Memory: 782.00M
"input" in: freepdk45.lylvs:75
    Polygons (raw): 0 (flat)  0 (hierarchical)
    Elapsed: 0.000s  Memory: 782.00M
"input" in: freepdk45.lylvs:76
    Polygons (raw): 0 (flat)  0 (hierarchical)
    Elapsed: 0.000s  Memory: 782.00M
"input" in: freepdk45.lylvs:77
    Polygons (raw): 0 (flat)  0 (hierarchical)
    Elapsed: 0.000s  Memory: 782.00M
"input" in: freepdk45.lylvs:78
    Polygons (raw): 0 (flat)  0 (hierarchical)
    Elapsed: 0.000s  Memory: 782.00M
"input" in: freepdk45.lylvs:79
    Polygons (raw): 0 (flat)  0 (hierarchical)
    Elapsed: 0.000s  Memory: 782.00M
"input" in: freepdk45.lylvs:80
    Polygons (raw): 0 (flat)  0 (hierarchical)
    Elapsed: 0.000s  Memory: 782.00M
"input" in: freepdk45.lylvs:81
    Polygons (raw): 0 (flat)  0 (hierarchical)
    Elapsed: 0.000s  Memory: 783.00M
"input" in: freepdk45.lylvs:82
    Polygons (raw): 0 (flat)  0 (hierarchical)
    Elapsed: 0.000s  Memory: 783.00M
"input" in: freepdk45.lylvs:83
    Polygons (raw): 0 (flat)  0 (hierarchical)
    Elapsed: 0.000s  Memory: 783.00M
"input" in: freepdk45.lylvs:84
    Polygons (raw): 0 (flat)  0 (hierarchical)
    Elapsed: 0.000s  Memory: 783.00M
"input" in: freepdk45.lylvs:85
    Polygons (raw): 0 (flat)  0 (hierarchical)
    Elapsed: 0.000s  Memory: 783.00M
"input" in: freepdk45.lylvs:86
    Polygons (raw): 0 (flat)  0 (hierarchical)
    Elapsed: 0.000s  Memory: 783.00M
"input" in: freepdk45.lylvs:87
    Polygons (raw): 0 (flat)  0 (hierarchical)
    Elapsed: 0.000s  Memory: 783.00M
"input" in: freepdk45.lylvs:88
    Polygons (raw): 0 (flat)  0 (hierarchical)
    Elapsed: 0.000s  Memory: 783.00M
"input" in: freepdk45.lylvs:89
    Polygons (raw): 0 (flat)  0 (hierarchical)
    Elapsed: 0.000s  Memory: 783.00M
"input" in: freepdk45.lylvs:90
    Polygons (raw): 0 (flat)  0 (hierarchical)
    Elapsed: 0.000s  Memory: 783.00M
"input" in: freepdk45.lylvs:91
    Polygons (raw): 0 (flat)  0 (hierarchical)
    Elapsed: 0.000s  Memory: 783.00M
"input" in: freepdk45.lylvs:92
    Polygons (raw): 0 (flat)  0 (hierarchical)
    Elapsed: 0.000s  Memory: 783.00M
"input" in: freepdk45.lylvs:93
    Polygons (raw): 0 (flat)  0 (hierarchical)
    Elapsed: 0.000s  Memory: 783.00M
"input" in: freepdk45.lylvs:94
    Polygons (raw): 0 (flat)  0 (hierarchical)
    Elapsed: 0.000s  Memory: 783.00M
"input" in: freepdk45.lylvs:95
    Polygons (raw): 0 (flat)  0 (hierarchical)
    Elapsed: 0.000s  Memory: 783.00M
"input" in: freepdk45.lylvs:96
    Polygons (raw): 0 (flat)  0 (hierarchical)
    Elapsed: 0.000s  Memory: 783.00M
"input" in: freepdk45.lylvs:97
    Polygons (raw): 0 (flat)  0 (hierarchical)
    Elapsed: 0.000s  Memory: 783.00M
"input" in: freepdk45.lylvs:98
    Polygons (raw): 0 (flat)  0 (hierarchical)
    Elapsed: 0.000s  Memory: 784.00M
"&" in: freepdk45.lylvs:104
    Polygons (raw): 38844 (flat)  42 (hierarchical)
    Elapsed: 0.030s  Memory: 1328.00M
"&" in: freepdk45.lylvs:105
    Polygons (raw): 27817 (flat)  33 (hierarchical)
    Elapsed: 0.020s  Memory: 1328.00M
"&" in: freepdk45.lylvs:106
    Polygons (raw): 11027 (flat)  9 (hierarchical)
    Elapsed: 0.030s  Memory: 1328.00M
"&" in: freepdk45.lylvs:107
    Polygons (raw): 32567 (flat)  147 (hierarchical)
    Elapsed: 0.020s  Memory: 1328.00M
"-" in: freepdk45.lylvs:108
    Polygons (raw): 60384 (flat)  180 (hierarchical)
    Elapsed: 0.020s  Memory: 1328.00M
"-" in: freepdk45.lylvs:109
    Polygons (raw): 0 (flat)  0 (hierarchical)
    Elapsed: 0.020s  Memory: 1328.00M
"-" in: freepdk45.lylvs:109
    Polygons (raw): 0 (flat)  0 (hierarchical)
    Elapsed: 0.000s  Memory: 1328.00M
"-" in: freepdk45.lylvs:110
    Polygons (raw): 102136 (flat)  155 (hierarchical)
    Elapsed: 0.000s  Memory: 1328.00M
"-" in: freepdk45.lylvs:110
    Polygons (raw): 102136 (flat)  155 (hierarchical)
    Elapsed: 0.000s  Memory: 1328.00M
"&" in: freepdk45.lylvs:110
    Polygons (raw): 32567 (flat)  147 (hierarchical)
    Elapsed: 0.020s  Memory: 1329.00M
"-" in: freepdk45.lylvs:111
    Polygons (raw): 0 (flat)  0 (hierarchical)
    Elapsed: 0.020s  Memory: 1329.00M
"-" in: freepdk45.lylvs:111
    Polygons (raw): 0 (flat)  0 (hierarchical)
    Elapsed: 0.000s  Memory: 1329.00M
"&" in: freepdk45.lylvs:111
    Polygons (raw): 0 (flat)  0 (hierarchical)
    Elapsed: 0.000s  Memory: 1329.00M
"&" in: freepdk45.lylvs:113
    Polygons (raw): 46638 (flat)  49 (hierarchical)
    Elapsed: 0.050s  Memory: 1329.00M
"&" in: freepdk45.lylvs:114
    Polygons (raw): 35581 (flat)  39 (hierarchical)
    Elapsed: 0.020s  Memory: 1329.00M
"&" in: freepdk45.lylvs:115
    Polygons (raw): 11057 (flat)  10 (hierarchical)
    Elapsed: 0.030s  Memory: 1329.00M
"&" in: freepdk45.lylvs:116
    Polygons (raw): 88577 (flat)  167 (hierarchical)
    Elapsed: 0.020s  Memory: 1329.00M
"-" in: freepdk45.lylvs:117
    Polygons (raw): 124158 (flat)  206 (hierarchical)
    Elapsed: 0.020s  Memory: 1337.00M
"-" in: freepdk45.lylvs:118
    Polygons (raw): 0 (flat)  0 (hierarchical)
    Elapsed: 0.010s  Memory: 1329.00M
"-" in: freepdk45.lylvs:118
    Polygons (raw): 0 (flat)  0 (hierarchical)
    Elapsed: 0.000s  Memory: 1329.00M
"-" in: freepdk45.lylvs:119
    Polygons (raw): 102136 (flat)  155 (hierarchical)
    Elapsed: 0.000s  Memory: 1329.00M
"-" in: freepdk45.lylvs:119
    Polygons (raw): 102136 (flat)  155 (hierarchical)
    Elapsed: 0.000s  Memory: 1329.00M
"&" in: freepdk45.lylvs:119
    Polygons (raw): 88577 (flat)  167 (hierarchical)
    Elapsed: 0.020s  Memory: 1330.00M
"-" in: freepdk45.lylvs:120
    Polygons (raw): 0 (flat)  0 (hierarchical)
    Elapsed: 0.020s  Memory: 1330.00M
"-" in: freepdk45.lylvs:120
    Polygons (raw): 0 (flat)  0 (hierarchical)
    Elapsed: 0.000s  Memory: 1330.00M
"&" in: freepdk45.lylvs:120
    Polygons (raw): 0 (flat)  0 (hierarchical)
    Elapsed: 0.000s  Memory: 1330.00M
"cheat" in: freepdk45.lylvs:125
    Elapsed: 0.010s  Memory: 1330.00M
"cheat" in: freepdk45.lylvs:126
    Elapsed: 0.010s  Memory: 1331.00M
"cheat" in: freepdk45.lylvs:127
    Elapsed: 0.010s  Memory: 1331.00M
"cheat" in: freepdk45.lylvs:130
    Elapsed: 0.000s  Memory: 1331.00M
"cheat" in: freepdk45.lylvs:131
    Elapsed: 0.010s  Memory: 1331.00M
"cheat" in: freepdk45.lylvs:132
    Elapsed: 0.010s  Memory: 1331.00M
"netlist" in: freepdk45.lylvs:213
    Elapsed: 1.500s  Memory: 1365.00M
Flatten layout cell (no schematic): custom_sram_1r1w_32_256_freepdk45_pmos_m20_w0_432_sm1_dm1_da_p
Flatten layout cell (no schematic): custom_sram_1r1w_32_256_freepdk45_contact_11
Flatten layout cell (no schematic): custom_sram_1r1w_32_256_freepdk45_nmos_m20_w0_145_sm1_dm1_da_p
Flatten layout cell (no schematic): custom_sram_1r1w_32_256_freepdk45_contact_10
Flatten layout cell (no schematic): custom_sram_1r1w_32_256_freepdk45_contact_12
Flatten layout cell (no schematic): custom_sram_1r1w_32_256_freepdk45_contact_13
Flatten layout cell (no schematic): custom_sram_1r1w_32_256_freepdk45_contact_14
Flatten layout cell (no schematic): custom_sram_1r1w_32_256_freepdk45_contact_15
Flatten layout cell (no schematic): custom_sram_1r1w_32_256_freepdk45_contact_16
Flatten layout cell (no schematic): custom_sram_1r1w_32_256_freepdk45_contact_17
Flatten layout cell (no schematic): custom_sram_1r1w_32_256_freepdk45_contact_6
Flatten layout cell (no schematic): custom_sram_1r1w_32_256_freepdk45_contact_7
Flatten layout cell (no schematic): custom_sram_1r1w_32_256_freepdk45_contact_8
Flatten layout cell (no schematic): custom_sram_1r1w_32_256_freepdk45_pmos_m1_w0_270_sm1_dm1
Flatten layout cell (no schematic): custom_sram_1r1w_32_256_freepdk45_contact_22
Flatten layout cell (no schematic): custom_sram_1r1w_32_256_freepdk45_contact_23
Flatten layout cell (no schematic): custom_sram_1r1w_32_256_freepdk45_nmos_m1_w0_720_sm1_dm1
Flatten layout cell (no schematic): custom_sram_1r1w_32_256_freepdk45_contact_24
Flatten layout cell (no schematic): custom_sram_1r1w_32_256_freepdk45_contact_25
Flatten layout cell (no schematic): custom_sram_1r1w_32_256_freepdk45_contact_18
Flatten layout cell (no schematic): custom_sram_1r1w_32_256_freepdk45_nmos_m1_w0_180_sm1_dactive
Flatten layout cell (no schematic): custom_sram_1r1w_32_256_freepdk45_nmos_m1_w0_180_sactive_dactive
Flatten layout cell (no schematic): custom_sram_1r1w_32_256_freepdk45_nmos_m1_w0_180_sactive_dm1
Flatten layout cell (no schematic): custom_sram_1r1w_32_256_freepdk45_pmos_m1_w0_270_sm1_dm1_da_p
Flatten layout cell (no schematic): custom_sram_1r1w_32_256_freepdk45_nmos_m1_w0_090_sm1_dm1_da_p
Flatten layout cell (no schematic): custom_sram_1r1w_32_256_freepdk45_contact_21
Flatten layout cell (no schematic): custom_sram_1r1w_32_256_freepdk45_pmos_m3_w0_360_sm1_dm1_da_p
Flatten layout cell (no schematic): custom_sram_1r1w_32_256_freepdk45_nmos_m3_w0_120_sm1_dm1_da_p
Flatten layout cell (no schematic): custom_sram_1r1w_32_256_freepdk45_cr_68
Flatten layout cell (no schematic): custom_sram_1r1w_32_256_freepdk45_contact_27
Flatten layout cell (no schematic): custom_sram_1r1w_32_256_freepdk45_pmos_m1_w0_540_sm1_dm1_da_p
Flatten layout cell (no schematic): custom_sram_1r1w_32_256_freepdk45_nmos_m1_w0_180_sm1_dm1_da_p
Flatten layout cell (no schematic): custom_sram_1r1w_32_256_freepdk45_pmos_m2_w0_540_sm1_dm1_da_p
Flatten layout cell (no schematic): custom_sram_1r1w_32_256_freepdk45_nmos_m2_w0_180_sm1_dm1_da_p
Flatten layout cell (no schematic): custom_sram_1r1w_32_256_freepdk45_pmos_m1_w0_810_sm1_dm1_da_p
Flatten layout cell (no schematic): custom_sram_1r1w_32_256_freepdk45_nmos_m1_w0_270_sm1_dm1_da_p
Flatten layout cell (no schematic): custom_sram_1r1w_32_256_freepdk45_pmos_m3_w0_720_sm1_dm1_da_p
Flatten layout cell (no schematic): custom_sram_1r1w_32_256_freepdk45_nmos_m3_w0_240_sm1_dm1_da_p
Flatten layout cell (no schematic): custom_sram_1r1w_32_256_freepdk45_pmos_m8_w0_810_sm1_dm1_da_p
Flatten layout cell (no schematic): custom_sram_1r1w_32_256_freepdk45_nmos_m8_w0_270_sm1_dm1_da_p
Flatten layout cell (no schematic): custom_sram_1r1w_32_256_freepdk45_pmos_m22_w0_895_sm1_dm1_da_p
Flatten layout cell (no schematic): custom_sram_1r1w_32_256_freepdk45_nmos_m22_w0_297_sm1_dm1_da_p
Flatten layout cell (no schematic): custom_sram_1r1w_32_256_freepdk45_pmos_m4_w0_810_sm1_dm1_da_p
Flatten layout cell (no schematic): custom_sram_1r1w_32_256_freepdk45_nmos_m4_w0_270_sm1_dm1_da_p
Flatten layout cell (no schematic): custom_sram_1r1w_32_256_freepdk45_pmos_m3_w0_630_sm1_dm1_da_p
Flatten layout cell (no schematic): custom_sram_1r1w_32_256_freepdk45_nmos_m3_w0_210_sm1_dm1_da_p
Flatten layout cell (no schematic): custom_sram_1r1w_32_256_freepdk45_pmos_m7_w0_810_sm1_dm1_da_p
Flatten layout cell (no schematic): custom_sram_1r1w_32_256_freepdk45_nmos_m7_w0_270_sm1_dm1_da_p
Flatten layout cell (no schematic): custom_sram_1r1w_32_256_freepdk45_pmos_m10_w0_865_sm1_dm1_da_p
Flatten layout cell (no schematic): custom_sram_1r1w_32_256_freepdk45_nmos_m10_w0_288_sm1_dm1_da_p
Flatten layout cell (no schematic): custom_sram_1r1w_32_256_freepdk45_pmos_m2_w0_675_sm1_dm1_da_p
Flatten layout cell (no schematic): custom_sram_1r1w_32_256_freepdk45_nmos_m2_w0_225_sm1_dm1_da_p
Flatten layout cell (no schematic): custom_sram_1r1w_32_256_freepdk45_pmos_m5_w0_755_sm1_dm1_da_p
Flatten layout cell (no schematic): custom_sram_1r1w_32_256_freepdk45_nmos_m5_w0_253_sm1_dm1_da_p
Flatten layout cell (no schematic): custom_sram_1r1w_32_256_freepdk45_pmos_m13_w0_893_sm1_dm1_da_p
Flatten layout cell (no schematic): custom_sram_1r1w_32_256_freepdk45_nmos_m13_w0_297_sm1_dm1_da_p
Flatten layout cell (no schematic): custom_sram_1r1w_32_256_freepdk45_cr_69
Flatten layout cell (no schematic): custom_sram_1r1w_32_256_freepdk45_pmos_m12_w0_900_sm1_dm1_da_p
Flatten layout cell (no schematic): custom_sram_1r1w_32_256_freepdk45_nmos_m12_w0_300_sm1_dm1_da_p
Flatten layout cell (no schematic): custom_sram_1r1w_32_256_freepdk45_cr_67
Writing netlist: /home/klenn/Desktop/Digital_Design/OpenRAM/macros/custom_sram_1r1w_32_256_freepdk45/tmp/custom_sram_1r1w_32_256_freepdk45.spice ..
Writing LVS database: /home/klenn/Desktop/Digital_Design/OpenRAM/macros/custom_sram_1r1w_32_256_freepdk45/tmp/custom_sram_1r1w_32_256_freepdk45.lvs.report ..
Total elapsed: 2.620s  Memory: 1369.00M
CONGRATULATIONS! Netlists match.
LVS finished at : 9:2:44  -  LVS duration =  0 hrs. 0 min. 2 sec.
