"polygons" in: freepdk45.lydrc:48
    Polygons (raw): 542038 (flat)  379 (hierarchical)
    Elapsed: 0.010s  Memory: 769.00M
"polygons" in: freepdk45.lydrc:49
    Polygons (raw): 113913 (flat)  108 (hierarchical)
    Elapsed: 0.000s  Memory: 769.00M
"polygons" in: freepdk45.lydrc:50
    Polygons (raw): 59185 (flat)  83 (hierarchical)
    Elapsed: 0.000s  Memory: 769.00M
"polygons" in: freepdk45.lydrc:51
    Polygons (raw): 150964 (flat)  104 (hierarchical)
    Elapsed: 0.000s  Memory: 769.00M
"polygons" in: freepdk45.lydrc:52
    Polygons (raw): 49390 (flat)  69 (hierarchical)
    Elapsed: 0.000s  Memory: 769.00M
"polygons" in: freepdk45.lydrc:53
    Polygons (raw): 102136 (flat)  155 (hierarchical)
    Elapsed: 0.000s  Memory: 769.00M
"polygons" in: freepdk45.lydrc:54
    Polygons (raw): 0 (flat)  0 (hierarchical)
    Elapsed: 0.000s  Memory: 769.00M
"polygons" in: freepdk45.lydrc:55
    Polygons (raw): 0 (flat)  0 (hierarchical)
    Elapsed: 0.000s  Memory: 769.00M
"polygons" in: freepdk45.lydrc:56
    Polygons (raw): 439155 (flat)  1662 (hierarchical)
    Elapsed: 0.000s  Memory: 769.00M
"polygons" in: freepdk45.lydrc:57
    Polygons (raw): 221303 (flat)  266 (hierarchical)
    Elapsed: 0.000s  Memory: 770.00M
"polygons" in: freepdk45.lydrc:58
    Polygons (raw): 501169 (flat)  20771 (hierarchical)
    Elapsed: 0.010s  Memory: 770.00M
"polygons" in: freepdk45.lydrc:59
    Polygons (raw): 81580 (flat)  65 (hierarchical)
    Elapsed: 0.010s  Memory: 770.00M
"polygons" in: freepdk45.lydrc:60
    Polygons (raw): 243537 (flat)  12299 (hierarchical)
    Elapsed: 0.000s  Memory: 771.00M
"polygons" in: freepdk45.lydrc:61
    Polygons (raw): 5636 (flat)  4 (hierarchical)
    Elapsed: 0.000s  Memory: 771.00M
"polygons" in: freepdk45.lydrc:62
    Polygons (raw): 11607 (flat)  1779 (hierarchical)
    Elapsed: 0.010s  Memory: 771.00M
"polygons" in: freepdk45.lydrc:63
    Polygons (raw): 3972 (flat)  2 (hierarchical)
    Elapsed: 0.000s  Memory: 771.00M
"polygons" in: freepdk45.lydrc:64
    Polygons (raw): 4220 (flat)  214 (hierarchical)
    Elapsed: 0.000s  Memory: 771.00M
"polygons" in: freepdk45.lydrc:65
    Polygons (raw): 0 (flat)  0 (hierarchical)
    Elapsed: 0.000s  Memory: 771.00M
"polygons" in: freepdk45.lydrc:66
    Polygons (raw): 0 (flat)  0 (hierarchical)
    Elapsed: 0.000s  Memory: 771.00M
"polygons" in: freepdk45.lydrc:67
    Polygons (raw): 0 (flat)  0 (hierarchical)
    Elapsed: 0.000s  Memory: 771.00M
"polygons" in: freepdk45.lydrc:68
    Polygons (raw): 0 (flat)  0 (hierarchical)
    Elapsed: 0.000s  Memory: 771.00M
"polygons" in: freepdk45.lydrc:69
    Polygons (raw): 0 (flat)  0 (hierarchical)
    Elapsed: 0.000s  Memory: 771.00M
"polygons" in: freepdk45.lydrc:70
    Polygons (raw): 0 (flat)  0 (hierarchical)
    Elapsed: 0.000s  Memory: 771.00M
"polygons" in: freepdk45.lydrc:71
    Polygons (raw): 0 (flat)  0 (hierarchical)
    Elapsed: 0.000s  Memory: 771.00M
"polygons" in: freepdk45.lydrc:72
    Polygons (raw): 0 (flat)  0 (hierarchical)
    Elapsed: 0.000s  Memory: 771.00M
"polygons" in: freepdk45.lydrc:73
    Polygons (raw): 0 (flat)  0 (hierarchical)
    Elapsed: 0.000s  Memory: 772.00M
"polygons" in: freepdk45.lydrc:74
    Polygons (raw): 0 (flat)  0 (hierarchical)
    Elapsed: 0.000s  Memory: 772.00M
"polygons" in: freepdk45.lydrc:75
    Polygons (raw): 0 (flat)  0 (hierarchical)
    Elapsed: 0.000s  Memory: 772.00M
"polygons" in: freepdk45.lydrc:76
    Polygons (raw): 0 (flat)  0 (hierarchical)
    Elapsed: 0.000s  Memory: 772.00M
"or" in: freepdk45.lydrc:79
    Polygons (raw): 550 (flat)  240 (hierarchical)
    Elapsed: 0.070s  Memory: 775.00M
"&" in: freepdk45.lydrc:80
    Polygons (raw): 121144 (flat)  314 (hierarchical)
    Elapsed: 0.020s  Memory: 1319.00M
"or" in: freepdk45.lydrc:81
    Polygons (raw): 45600 (flat)  5055 (hierarchical)
    Elapsed: 0.040s  Memory: 1319.00M
DRC section
"and" in: freepdk45.lydrc:95
    Polygons (raw): 0 (flat)  0 (hierarchical)
    Elapsed: 0.010s  Memory: 1319.00M
"output" in: freepdk45.lydrc:95
    Polygons (raw): 0 (flat)  0 (hierarchical)
    Elapsed: 0.000s  Memory: 1319.00M
"separation" in: freepdk45.lydrc:100
    Edge pairs: 0 (flat)  0 (hierarchical)
    Elapsed: 0.000s  Memory: 1319.00M
"output" in: freepdk45.lydrc:100
    Edge pairs: 0 (flat)  0 (hierarchical)
    Elapsed: 0.000s  Memory: 1319.00M
"not" in: freepdk45.lydrc:101
    Polygons (raw): 0 (flat)  0 (hierarchical)
    Elapsed: 0.060s  Memory: 1319.00M
"output" in: freepdk45.lydrc:101
    Polygons (raw): 0 (flat)  0 (hierarchical)
    Elapsed: 0.000s  Memory: 1319.00M
"not" in: freepdk45.lydrc:102
    Polygons (raw): 0 (flat)  0 (hierarchical)
    Elapsed: 0.000s  Memory: 1319.00M
"output" in: freepdk45.lydrc:102
    Polygons (raw): 0 (flat)  0 (hierarchical)
    Elapsed: 0.000s  Memory: 1319.00M
"width" in: freepdk45.lydrc:105
    Edge pairs: 0 (flat)  0 (hierarchical)
    Elapsed: 0.010s  Memory: 1319.00M
"output" in: freepdk45.lydrc:105
    Edge pairs: 0 (flat)  0 (hierarchical)
    Elapsed: 0.000s  Memory: 1319.00M
"separation" in: freepdk45.lydrc:106
    Edge pairs: 117450 (flat)  298 (hierarchical)
    Elapsed: 0.030s  Memory: 1319.00M
"enclosing" in: freepdk45.lydrc:111
    Edge pairs: 242288 (flat)  1730 (hierarchical)
    Elapsed: 0.020s  Memory: 1319.00M
"polygons" in: freepdk45.lydrc:111
    Polygons (raw): 0 (flat)  0 (hierarchical)
    Elapsed: 0.000s  Memory: 1319.00M
"without_area" in: freepdk45.lydrc:111
    Polygons (raw): 0 (flat)  0 (hierarchical)
    Elapsed: 0.000s  Memory: 1319.00M
"output" in: freepdk45.lydrc:111
    Polygons (raw): 0 (flat)  0 (hierarchical)
    Elapsed: 0.000s  Memory: 1319.00M
"enclosing" in: freepdk45.lydrc:112
    Edge pairs: 242288 (flat)  680 (hierarchical)
    Elapsed: 0.080s  Memory: 1320.00M
"polygons" in: freepdk45.lydrc:112
    Polygons (raw): 0 (flat)  0 (hierarchical)
    Elapsed: 0.000s  Memory: 1320.00M
"without_area" in: freepdk45.lydrc:112
    Polygons (raw): 0 (flat)  0 (hierarchical)
    Elapsed: 0.000s  Memory: 1320.00M
"output" in: freepdk45.lydrc:112
    Polygons (raw): 0 (flat)  0 (hierarchical)
    Elapsed: 0.000s  Memory: 1320.00M
"not" in: freepdk45.lydrc:113
    Polygons (raw): 365395 (flat)  1567 (hierarchical)
    Elapsed: 0.020s  Memory: 1320.00M
"separation" in: freepdk45.lydrc:113
    Edge pairs: 242288 (flat)  945 (hierarchical)
    Elapsed: 0.040s  Memory: 1320.00M
"polygons" in: freepdk45.lydrc:113
    Polygons (raw): 0 (flat)  0 (hierarchical)
    Elapsed: 0.000s  Memory: 1320.00M
"without_area" in: freepdk45.lydrc:113
    Polygons (raw): 0 (flat)  0 (hierarchical)
    Elapsed: 0.000s  Memory: 1320.00M
"output" in: freepdk45.lydrc:113
    Polygons (raw): 0 (flat)  0 (hierarchical)
    Elapsed: 0.000s  Memory: 1320.00M
"space" in: freepdk45.lydrc:114
    Edge pairs: 0 (flat)  0 (hierarchical)
    Elapsed: 0.040s  Memory: 1320.00M
"output" in: freepdk45.lydrc:114
    Edge pairs: 0 (flat)  0 (hierarchical)
    Elapsed: 0.000s  Memory: 1320.00M
"width" in: freepdk45.lydrc:117
    Edge pairs: 0 (flat)  0 (hierarchical)
    Elapsed: 0.010s  Memory: 1321.00M
"output" in: freepdk45.lydrc:117
    Edge pairs: 0 (flat)  0 (hierarchical)
    Elapsed: 0.000s  Memory: 1321.00M
"space" in: freepdk45.lydrc:118
    Edge pairs: 0 (flat)  0 (hierarchical)
    Elapsed: 0.050s  Memory: 1321.00M
"output" in: freepdk45.lydrc:118
    Edge pairs: 0 (flat)  0 (hierarchical)
    Elapsed: 0.000s  Memory: 1321.00M
"enclosing" in: freepdk45.lydrc:119
    Edge pairs: 0 (flat)  0 (hierarchical)
    Elapsed: 0.960s  Memory: 1329.00M
"output" in: freepdk45.lydrc:119
    Edge pairs: 0 (flat)  0 (hierarchical)
    Elapsed: 0.010s  Memory: 1321.00M
"not" in: freepdk45.lydrc:120
    Polygons (raw): 0 (flat)  0 (hierarchical)
    Elapsed: 0.170s  Memory: 1329.00M
"output" in: freepdk45.lydrc:120
    Polygons (raw): 0 (flat)  0 (hierarchical)
    Elapsed: 0.000s  Memory: 1321.00M
"separation" in: freepdk45.lydrc:123
    Edge pairs: 0 (flat)  0 (hierarchical)
    Elapsed: 0.020s  Memory: 1321.00M
"polygons" in: freepdk45.lydrc:123
    Polygons (raw): 0 (flat)  0 (hierarchical)
    Elapsed: 0.000s  Memory: 1321.00M
"without_area" in: freepdk45.lydrc:123
    Polygons (raw): 0 (flat)  0 (hierarchical)
    Elapsed: 0.000s  Memory: 1321.00M
"output" in: freepdk45.lydrc:123
    Polygons (raw): 0 (flat)  0 (hierarchical)
    Elapsed: 0.000s  Memory: 1321.00M
"separation" in: freepdk45.lydrc:124
    Edge pairs: 0 (flat)  0 (hierarchical)
    Elapsed: 0.050s  Memory: 1321.00M
"polygons" in: freepdk45.lydrc:124
    Polygons (raw): 0 (flat)  0 (hierarchical)
    Elapsed: 0.000s  Memory: 1321.00M
"without_area" in: freepdk45.lydrc:124
    Polygons (raw): 0 (flat)  0 (hierarchical)
    Elapsed: 0.000s  Memory: 1321.00M
"output" in: freepdk45.lydrc:124
    Polygons (raw): 0 (flat)  0 (hierarchical)
    Elapsed: 0.000s  Memory: 1321.00M
"width" in: freepdk45.lydrc:125
    Edge pairs: 0 (flat)  0 (hierarchical)
    Elapsed: 0.000s  Memory: 1321.00M
"output" in: freepdk45.lydrc:125
    Edge pairs: 0 (flat)  0 (hierarchical)
    Elapsed: 0.000s  Memory: 1321.00M
"space" in: freepdk45.lydrc:126
    Edge pairs: 0 (flat)  0 (hierarchical)
    Elapsed: 0.020s  Memory: 1329.00M
"output" in: freepdk45.lydrc:126
    Edge pairs: 0 (flat)  0 (hierarchical)
    Elapsed: 0.010s  Memory: 1321.00M
"and" in: freepdk45.lydrc:127
    Polygons (raw): 0 (flat)  0 (hierarchical)
    Elapsed: 0.010s  Memory: 1321.00M
"output" in: freepdk45.lydrc:127
    Polygons (raw): 0 (flat)  0 (hierarchical)
    Elapsed: 0.000s  Memory: 1321.00M
"edges" in: freepdk45.lydrc:131
    Edges: 885212 (flat)  1064 (hierarchical)
    Elapsed: 0.040s  Memory: 1321.00M
"without_length" in: freepdk45.lydrc:131
    Edges: 0 (flat)  0 (hierarchical)
    Elapsed: 0.100s  Memory: 1331.00M
"output" in: freepdk45.lydrc:131
    Edges: 0 (flat)  0 (hierarchical)
    Elapsed: 0.000s  Memory: 1331.00M
"space" in: freepdk45.lydrc:132
    Edge pairs: 0 (flat)  0 (hierarchical)
    Elapsed: 0.030s  Memory: 1331.00M
"output" in: freepdk45.lydrc:132
    Edge pairs: 0 (flat)  0 (hierarchical)
    Elapsed: 0.000s  Memory: 1331.00M
"not" in: freepdk45.lydrc:133
    Polygons (raw): 59663 (flat)  44 (hierarchical)
    Elapsed: 0.030s  Memory: 1331.00M
"not" in: freepdk45.lydrc:133
    Polygons (raw): 0 (flat)  0 (hierarchical)
    Elapsed: 0.010s  Memory: 1331.00M
"not" in: freepdk45.lydrc:133
    Polygons (raw): 0 (flat)  0 (hierarchical)
    Elapsed: 0.000s  Memory: 1331.00M
"output" in: freepdk45.lydrc:133
    Polygons (raw): 0 (flat)  0 (hierarchical)
    Elapsed: 0.000s  Memory: 1331.00M
"enclosing" in: freepdk45.lydrc:134
    Edge pairs: 0 (flat)  0 (hierarchical)
    Elapsed: 0.060s  Memory: 1347.00M
"output" in: freepdk45.lydrc:134
    Edge pairs: 0 (flat)  0 (hierarchical)
    Elapsed: 0.000s  Memory: 1347.00M
"enclosing" in: freepdk45.lydrc:135
    Edge pairs: 0 (flat)  0 (hierarchical)
    Elapsed: 0.020s  Memory: 1331.00M
"output" in: freepdk45.lydrc:135
    Edge pairs: 0 (flat)  0 (hierarchical)
    Elapsed: 0.000s  Memory: 1331.00M
"separation" in: freepdk45.lydrc:136
    Edge pairs: 0 (flat)  0 (hierarchical)
    Elapsed: 0.080s  Memory: 1331.00M
"output" in: freepdk45.lydrc:136
    Edge pairs: 0 (flat)  0 (hierarchical)
    Elapsed: 0.000s  Memory: 1331.00M
"width" in: freepdk45.lydrc:139
    Edge pairs: 0 (flat)  0 (hierarchical)
    Elapsed: 0.480s  Memory: 1331.00M
"output" in: freepdk45.lydrc:139
    Edge pairs: 0 (flat)  0 (hierarchical)
    Elapsed: 0.020s  Memory: 1331.00M
"space" in: freepdk45.lydrc:140
    Edge pairs: 0 (flat)  0 (hierarchical)
    Elapsed: 3.780s  Memory: 1347.00M
"output" in: freepdk45.lydrc:140
    Edge pairs: 0 (flat)  0 (hierarchical)
    Elapsed: 0.010s  Memory: 1331.00M
"enclosing" in: freepdk45.lydrc:141
    Edge pairs: 401292 (flat)  104360 (hierarchical)
    Elapsed: 2.460s  Memory: 1331.00M
"second_edges" in: freepdk45.lydrc:141
    Edges: 401292 (flat)  104360 (hierarchical)
    Elapsed: 0.020s  Memory: 1331.00M
"width" in: freepdk45.lydrc:142
    Edge pairs: 0 (flat)  0 (hierarchical)
    Elapsed: 1.060s  Memory: 1362.00M
"polygons" in: freepdk45.lydrc:144
    Polygons (raw): 0 (flat)  0 (hierarchical)
    Elapsed: 0.010s  Memory: 1362.00M
"interacting" in: freepdk45.lydrc:144
    Polygons (raw): 0 (flat)  0 (hierarchical)
    Elapsed: 0.000s  Memory: 1362.00M
"output" in: freepdk45.lydrc:144
    Polygons (raw): 0 (flat)  0 (hierarchical)
    Elapsed: 0.000s  Memory: 1362.00M
"enclosing" in: freepdk45.lydrc:146
    Edge pairs: 120286 (flat)  19872 (hierarchical)
    Elapsed: 0.530s  Memory: 1362.00M
"second_edges" in: freepdk45.lydrc:146
    Edges: 120286 (flat)  19872 (hierarchical)
    Elapsed: 0.000s  Memory: 1362.00M
"width" in: freepdk45.lydrc:147
    Edge pairs: 0 (flat)  0 (hierarchical)
    Elapsed: 0.160s  Memory: 1362.00M
"polygons" in: freepdk45.lydrc:149
    Polygons (raw): 0 (flat)  0 (hierarchical)
    Elapsed: 0.000s  Memory: 1362.00M
"interacting" in: freepdk45.lydrc:149
    Polygons (raw): 0 (flat)  0 (hierarchical)
    Elapsed: 0.000s  Memory: 1362.00M
"output" in: freepdk45.lydrc:149
    Polygons (raw): 0 (flat)  0 (hierarchical)
    Elapsed: 0.000s  Memory: 1362.00M
"sized" in: freepdk45.lydrc:91
    Polygons (raw): 19694 (flat)  42 (hierarchical)
    Elapsed: 0.110s  Memory: 1362.00M
"sized" in: freepdk45.lydrc:91
    Polygons (raw): 19694 (flat)  42 (hierarchical)
    Elapsed: 0.000s  Memory: 1362.00M
"sized" in: freepdk45.lydrc:91
    Polygons (raw): 0 (flat)  0 (hierarchical)
    Elapsed: 0.000s  Memory: 1362.00M
"sized" in: freepdk45.lydrc:91
    Polygons (raw): 0 (flat)  0 (hierarchical)
    Elapsed: 0.000s  Memory: 1362.00M
"sized" in: freepdk45.lydrc:91
    Polygons (raw): 0 (flat)  0 (hierarchical)
    Elapsed: 0.000s  Memory: 1362.00M
"sized" in: freepdk45.lydrc:91
    Polygons (raw): 0 (flat)  0 (hierarchical)
    Elapsed: 0.000s  Memory: 1362.00M
"sized" in: freepdk45.lydrc:91
    Polygons (raw): 0 (flat)  0 (hierarchical)
    Elapsed: 0.000s  Memory: 1362.00M
"sized" in: freepdk45.lydrc:91
    Polygons (raw): 0 (flat)  0 (hierarchical)
    Elapsed: 0.000s  Memory: 1362.00M
"sized" in: freepdk45.lydrc:91
    Polygons (raw): 0 (flat)  0 (hierarchical)
    Elapsed: 0.000s  Memory: 1362.00M
"sized" in: freepdk45.lydrc:91
    Polygons (raw): 0 (flat)  0 (hierarchical)
    Elapsed: 0.000s  Memory: 1362.00M
"edges" in: freepdk45.lydrc:152
    Edges: 79304 (flat)  516 (hierarchical)
    Elapsed: 0.000s  Memory: 1362.00M
"with_length" in: freepdk45.lydrc:152
    Edges: 344 (flat)  116 (hierarchical)
    Elapsed: 0.010s  Memory: 1362.00M
"space" in: freepdk45.lydrc:152
    Edge pairs: 0 (flat)  0 (hierarchical)
    Elapsed: 0.000s  Memory: 1362.00M
"output" in: freepdk45.lydrc:152
    Edge pairs: 0 (flat)  0 (hierarchical)
    Elapsed: 0.000s  Memory: 1362.00M
"edges" in: freepdk45.lydrc:153
    Edges: 0 (flat)  0 (hierarchical)
    Elapsed: 0.000s  Memory: 1362.00M
"with_length" in: freepdk45.lydrc:153
    Edges: 0 (flat)  0 (hierarchical)
    Elapsed: 0.000s  Memory: 1362.00M
"space" in: freepdk45.lydrc:153
    Edge pairs: 0 (flat)  0 (hierarchical)
    Elapsed: 0.000s  Memory: 1362.00M
"output" in: freepdk45.lydrc:153
    Edge pairs: 0 (flat)  0 (hierarchical)
    Elapsed: 0.000s  Memory: 1362.00M
"edges" in: freepdk45.lydrc:154
    Edges: 0 (flat)  0 (hierarchical)
    Elapsed: 0.000s  Memory: 1362.00M
"with_length" in: freepdk45.lydrc:154
    Edges: 0 (flat)  0 (hierarchical)
    Elapsed: 0.000s  Memory: 1362.00M
"space" in: freepdk45.lydrc:154
    Edge pairs: 0 (flat)  0 (hierarchical)
    Elapsed: 0.020s  Memory: 1362.00M
"output" in: freepdk45.lydrc:154
    Edge pairs: 0 (flat)  0 (hierarchical)
    Elapsed: 0.010s  Memory: 1362.00M
"edges" in: freepdk45.lydrc:155
    Edges: 0 (flat)  0 (hierarchical)
    Elapsed: 0.000s  Memory: 1362.00M
"with_length" in: freepdk45.lydrc:155
    Edges: 0 (flat)  0 (hierarchical)
    Elapsed: 0.010s  Memory: 1362.00M
"space" in: freepdk45.lydrc:155
    Edge pairs: 0 (flat)  0 (hierarchical)
    Elapsed: 0.000s  Memory: 1362.00M
"output" in: freepdk45.lydrc:155
    Edge pairs: 0 (flat)  0 (hierarchical)
    Elapsed: 0.000s  Memory: 1362.00M
"edges" in: freepdk45.lydrc:156
    Edges: 0 (flat)  0 (hierarchical)
    Elapsed: 0.000s  Memory: 1362.00M
"with_length" in: freepdk45.lydrc:156
    Edges: 0 (flat)  0 (hierarchical)
    Elapsed: 0.010s  Memory: 1362.00M
"space" in: freepdk45.lydrc:156
    Edge pairs: 0 (flat)  0 (hierarchical)
    Elapsed: 0.000s  Memory: 1362.00M
"output" in: freepdk45.lydrc:156
    Edge pairs: 0 (flat)  0 (hierarchical)
    Elapsed: 0.000s  Memory: 1362.00M
"edges" in: freepdk45.lydrc:160
    Edges: 326320 (flat)  260 (hierarchical)
    Elapsed: 0.060s  Memory: 1378.00M
"without_length" in: freepdk45.lydrc:160
    Edges: 0 (flat)  0 (hierarchical)
    Elapsed: 0.110s  Memory: 1362.00M
"output" in: freepdk45.lydrc:160
    Edges: 0 (flat)  0 (hierarchical)
    Elapsed: 0.000s  Memory: 1362.00M
"space" in: freepdk45.lydrc:161
    Edge pairs: 0 (flat)  0 (hierarchical)
    Elapsed: 0.070s  Memory: 1362.00M
"output" in: freepdk45.lydrc:161
    Edge pairs: 0 (flat)  0 (hierarchical)
    Elapsed: 0.000s  Memory: 1362.00M
"not" in: freepdk45.lydrc:162
    Polygons (raw): 0 (flat)  0 (hierarchical)
    Elapsed: 0.430s  Memory: 1362.00M
"output" in: freepdk45.lydrc:162
    Polygons (raw): 0 (flat)  0 (hierarchical)
    Elapsed: 0.000s  Memory: 1362.00M
"not" in: freepdk45.lydrc:163
    Polygons (raw): 0 (flat)  0 (hierarchical)
    Elapsed: 0.260s  Memory: 1362.00M
"output" in: freepdk45.lydrc:163
    Polygons (raw): 0 (flat)  0 (hierarchical)
    Elapsed: 0.010s  Memory: 1362.00M
"width" in: freepdk45.lydrc:166
    Edge pairs: 0 (flat)  0 (hierarchical)
    Elapsed: 0.410s  Memory: 1362.00M
"output" in: freepdk45.lydrc:166
    Edge pairs: 0 (flat)  0 (hierarchical)
    Elapsed: 0.000s  Memory: 1362.00M
"space" in: freepdk45.lydrc:167
    Edge pairs: 0 (flat)  0 (hierarchical)
    Elapsed: 5.900s  Memory: 1362.00M
"output" in: freepdk45.lydrc:167
    Edge pairs: 0 (flat)  0 (hierarchical)
    Elapsed: 0.010s  Memory: 1362.00M
"enclosing" in: freepdk45.lydrc:168
    Edge pairs: 109932 (flat)  91841 (hierarchical)
    Elapsed: 1.280s  Memory: 1362.00M
"second_edges" in: freepdk45.lydrc:168
    Edges: 109932 (flat)  91841 (hierarchical)
    Elapsed: 0.010s  Memory: 1362.00M
"width" in: freepdk45.lydrc:169
    Edge pairs: 0 (flat)  0 (hierarchical)
    Elapsed: 1.330s  Memory: 1362.00M
"polygons" in: freepdk45.lydrc:171
    Polygons (raw): 0 (flat)  0 (hierarchical)
    Elapsed: 0.010s  Memory: 1362.00M
"interacting" in: freepdk45.lydrc:171
    Polygons (raw): 0 (flat)  0 (hierarchical)
    Elapsed: 0.000s  Memory: 1362.00M
"output" in: freepdk45.lydrc:171
    Polygons (raw): 0 (flat)  0 (hierarchical)
    Elapsed: 0.000s  Memory: 1362.00M
"enclosing" in: freepdk45.lydrc:173
    Edge pairs: 6428 (flat)  4440 (hierarchical)
    Elapsed: 0.040s  Memory: 1362.00M
"second_edges" in: freepdk45.lydrc:173
    Edges: 6428 (flat)  4440 (hierarchical)
    Elapsed: 0.000s  Memory: 1362.00M
"width" in: freepdk45.lydrc:174
    Edge pairs: 0 (flat)  0 (hierarchical)
    Elapsed: 0.020s  Memory: 1386.00M
"polygons" in: freepdk45.lydrc:176
    Polygons (raw): 0 (flat)  0 (hierarchical)
    Elapsed: 0.000s  Memory: 1386.00M
"interacting" in: freepdk45.lydrc:176
    Polygons (raw): 0 (flat)  0 (hierarchical)
    Elapsed: 0.000s  Memory: 1386.00M
"output" in: freepdk45.lydrc:176
    Polygons (raw): 0 (flat)  0 (hierarchical)
    Elapsed: 0.010s  Memory: 1386.00M
"sized" in: freepdk45.lydrc:91
    Polygons (raw): 678 (flat)  677 (hierarchical)
    Elapsed: 0.090s  Memory: 1362.00M
"sized" in: freepdk45.lydrc:91
    Polygons (raw): 678 (flat)  677 (hierarchical)
    Elapsed: 0.010s  Memory: 1362.00M
"sized" in: freepdk45.lydrc:91
    Polygons (raw): 0 (flat)  0 (hierarchical)
    Elapsed: 0.000s  Memory: 1362.00M
"sized" in: freepdk45.lydrc:91
    Polygons (raw): 0 (flat)  0 (hierarchical)
    Elapsed: 0.000s  Memory: 1362.00M
"sized" in: freepdk45.lydrc:91
    Polygons (raw): 0 (flat)  0 (hierarchical)
    Elapsed: 0.000s  Memory: 1362.00M
"sized" in: freepdk45.lydrc:91
    Polygons (raw): 0 (flat)  0 (hierarchical)
    Elapsed: 0.000s  Memory: 1362.00M
"sized" in: freepdk45.lydrc:91
    Polygons (raw): 0 (flat)  0 (hierarchical)
    Elapsed: 0.000s  Memory: 1362.00M
"sized" in: freepdk45.lydrc:91
    Polygons (raw): 0 (flat)  0 (hierarchical)
    Elapsed: 0.000s  Memory: 1362.00M
"sized" in: freepdk45.lydrc:91
    Polygons (raw): 0 (flat)  0 (hierarchical)
    Elapsed: 0.000s  Memory: 1362.00M
"sized" in: freepdk45.lydrc:91
    Polygons (raw): 0 (flat)  0 (hierarchical)
    Elapsed: 0.000s  Memory: 1362.00M
"edges" in: freepdk45.lydrc:179
    Edges: 2712 (flat)  2708 (hierarchical)
    Elapsed: 0.000s  Memory: 1362.00M
"with_length" in: freepdk45.lydrc:179
    Edges: 1036 (flat)  1034 (hierarchical)
    Elapsed: 0.000s  Memory: 1362.00M
"space" in: freepdk45.lydrc:179
    Edge pairs: 0 (flat)  0 (hierarchical)
    Elapsed: 0.000s  Memory: 1362.00M
"output" in: freepdk45.lydrc:179
    Edge pairs: 0 (flat)  0 (hierarchical)
    Elapsed: 0.000s  Memory: 1362.00M
"edges" in: freepdk45.lydrc:180
    Edges: 0 (flat)  0 (hierarchical)
    Elapsed: 0.000s  Memory: 1362.00M
"with_length" in: freepdk45.lydrc:180
    Edges: 0 (flat)  0 (hierarchical)
    Elapsed: 0.000s  Memory: 1362.00M
"space" in: freepdk45.lydrc:180
    Edge pairs: 0 (flat)  0 (hierarchical)
    Elapsed: 0.000s  Memory: 1362.00M
"output" in: freepdk45.lydrc:180
    Edge pairs: 0 (flat)  0 (hierarchical)
    Elapsed: 0.000s  Memory: 1362.00M
"edges" in: freepdk45.lydrc:181
    Edges: 0 (flat)  0 (hierarchical)
    Elapsed: 0.000s  Memory: 1362.00M
"with_length" in: freepdk45.lydrc:181
    Edges: 0 (flat)  0 (hierarchical)
    Elapsed: 0.000s  Memory: 1362.00M
"space" in: freepdk45.lydrc:181
    Edge pairs: 0 (flat)  0 (hierarchical)
    Elapsed: 0.000s  Memory: 1362.00M
"output" in: freepdk45.lydrc:181
    Edge pairs: 0 (flat)  0 (hierarchical)
    Elapsed: 0.000s  Memory: 1362.00M
"edges" in: freepdk45.lydrc:182
    Edges: 0 (flat)  0 (hierarchical)
    Elapsed: 0.000s  Memory: 1362.00M
"with_length" in: freepdk45.lydrc:182
    Edges: 0 (flat)  0 (hierarchical)
    Elapsed: 0.010s  Memory: 1362.00M
"space" in: freepdk45.lydrc:182
    Edge pairs: 0 (flat)  0 (hierarchical)
    Elapsed: 0.010s  Memory: 1362.00M
"output" in: freepdk45.lydrc:182
    Edge pairs: 0 (flat)  0 (hierarchical)
    Elapsed: 0.000s  Memory: 1362.00M
"edges" in: freepdk45.lydrc:183
    Edges: 0 (flat)  0 (hierarchical)
    Elapsed: 0.000s  Memory: 1362.00M
"with_length" in: freepdk45.lydrc:183
    Edges: 0 (flat)  0 (hierarchical)
    Elapsed: 0.000s  Memory: 1362.00M
"space" in: freepdk45.lydrc:183
    Edge pairs: 0 (flat)  0 (hierarchical)
    Elapsed: 0.000s  Memory: 1362.00M
"output" in: freepdk45.lydrc:183
    Edge pairs: 0 (flat)  0 (hierarchical)
    Elapsed: 0.000s  Memory: 1362.00M
"edges" in: freepdk45.lydrc:188
    Edges: 22544 (flat)  16 (hierarchical)
    Elapsed: 0.030s  Memory: 1362.00M
"without_length" in: freepdk45.lydrc:188
    Edges: 0 (flat)  0 (hierarchical)
    Elapsed: 0.010s  Memory: 1362.00M
"output" in: freepdk45.lydrc:188
    Edges: 0 (flat)  0 (hierarchical)
    Elapsed: 0.000s  Memory: 1362.00M
"space" in: freepdk45.lydrc:189
    Edge pairs: 0 (flat)  0 (hierarchical)
    Elapsed: 0.030s  Memory: 1362.00M
"output" in: freepdk45.lydrc:189
    Edge pairs: 0 (flat)  0 (hierarchical)
    Elapsed: 0.000s  Memory: 1362.00M
"not" in: freepdk45.lydrc:190
    Polygons (raw): 0 (flat)  0 (hierarchical)
    Elapsed: 0.060s  Memory: 1362.00M
"output" in: freepdk45.lydrc:190
    Polygons (raw): 0 (flat)  0 (hierarchical)
    Elapsed: 0.000s  Memory: 1362.00M
"not" in: freepdk45.lydrc:191
    Polygons (raw): 0 (flat)  0 (hierarchical)
    Elapsed: 0.060s  Memory: 1362.00M
"output" in: freepdk45.lydrc:191
    Polygons (raw): 0 (flat)  0 (hierarchical)
    Elapsed: 0.000s  Memory: 1362.00M
"width" in: freepdk45.lydrc:194
    Edge pairs: 0 (flat)  0 (hierarchical)
    Elapsed: 0.070s  Memory: 1362.00M
"output" in: freepdk45.lydrc:194
    Edge pairs: 0 (flat)  0 (hierarchical)
    Elapsed: 0.000s  Memory: 1362.00M
"space" in: freepdk45.lydrc:195
    Edge pairs: 0 (flat)  0 (hierarchical)
    Elapsed: 0.170s  Memory: 1362.00M
"output" in: freepdk45.lydrc:195
    Edge pairs: 0 (flat)  0 (hierarchical)
    Elapsed: 0.000s  Memory: 1362.00M
"enclosing" in: freepdk45.lydrc:196
    Edge pairs: 5980 (flat)  4336 (hierarchical)
    Elapsed: 0.040s  Memory: 1362.00M
"second_edges" in: freepdk45.lydrc:196
    Edges: 5980 (flat)  4336 (hierarchical)
    Elapsed: 0.000s  Memory: 1362.00M
"width" in: freepdk45.lydrc:197
    Edge pairs: 0 (flat)  0 (hierarchical)
    Elapsed: 0.020s  Memory: 1362.00M
"polygons" in: freepdk45.lydrc:199
    Polygons (raw): 0 (flat)  0 (hierarchical)
    Elapsed: 0.000s  Memory: 1362.00M
"interacting" in: freepdk45.lydrc:199
    Polygons (raw): 0 (flat)  0 (hierarchical)
    Elapsed: 0.000s  Memory: 1362.00M
"output" in: freepdk45.lydrc:199
    Polygons (raw): 0 (flat)  0 (hierarchical)
    Elapsed: 0.000s  Memory: 1362.00M
"enclosing" in: freepdk45.lydrc:201
    Edge pairs: 3178 (flat)  1640 (hierarchical)
    Elapsed: 0.010s  Memory: 1362.00M
"second_edges" in: freepdk45.lydrc:201
    Edges: 3178 (flat)  1640 (hierarchical)
    Elapsed: 0.000s  Memory: 1362.00M
"width" in: freepdk45.lydrc:202
    Edge pairs: 0 (flat)  0 (hierarchical)
    Elapsed: 0.020s  Memory: 1362.00M
"polygons" in: freepdk45.lydrc:204
    Polygons (raw): 0 (flat)  0 (hierarchical)
    Elapsed: 0.010s  Memory: 1362.00M
"interacting" in: freepdk45.lydrc:204
    Polygons (raw): 0 (flat)  0 (hierarchical)
    Elapsed: 0.000s  Memory: 1362.00M
"output" in: freepdk45.lydrc:204
    Polygons (raw): 0 (flat)  0 (hierarchical)
    Elapsed: 0.000s  Memory: 1362.00M
"sized" in: freepdk45.lydrc:91
    Polygons (raw): 152 (flat)  145 (hierarchical)
    Elapsed: 0.000s  Memory: 1362.00M
"sized" in: freepdk45.lydrc:91
    Polygons (raw): 152 (flat)  145 (hierarchical)
    Elapsed: 0.000s  Memory: 1362.00M
"sized" in: freepdk45.lydrc:91
    Polygons (raw): 0 (flat)  0 (hierarchical)
    Elapsed: 0.010s  Memory: 1362.00M
"sized" in: freepdk45.lydrc:91
    Polygons (raw): 0 (flat)  0 (hierarchical)
    Elapsed: 0.000s  Memory: 1362.00M
"sized" in: freepdk45.lydrc:91
    Polygons (raw): 0 (flat)  0 (hierarchical)
    Elapsed: 0.000s  Memory: 1362.00M
"sized" in: freepdk45.lydrc:91
    Polygons (raw): 0 (flat)  0 (hierarchical)
    Elapsed: 0.000s  Memory: 1362.00M
"sized" in: freepdk45.lydrc:91
    Polygons (raw): 0 (flat)  0 (hierarchical)
    Elapsed: 0.000s  Memory: 1362.00M
"sized" in: freepdk45.lydrc:91
    Polygons (raw): 0 (flat)  0 (hierarchical)
    Elapsed: 0.000s  Memory: 1362.00M
"sized" in: freepdk45.lydrc:91
    Polygons (raw): 0 (flat)  0 (hierarchical)
    Elapsed: 0.000s  Memory: 1362.00M
"sized" in: freepdk45.lydrc:91
    Polygons (raw): 0 (flat)  0 (hierarchical)
    Elapsed: 0.000s  Memory: 1362.00M
"edges" in: freepdk45.lydrc:207
    Edges: 608 (flat)  580 (hierarchical)
    Elapsed: 0.000s  Memory: 1362.00M
"with_length" in: freepdk45.lydrc:207
    Edges: 0 (flat)  0 (hierarchical)
    Elapsed: 0.000s  Memory: 1362.00M
"space" in: freepdk45.lydrc:207
    Edge pairs: 0 (flat)  0 (hierarchical)
    Elapsed: 0.000s  Memory: 1370.00M
"output" in: freepdk45.lydrc:207
    Edge pairs: 0 (flat)  0 (hierarchical)
    Elapsed: 0.000s  Memory: 1370.00M
"edges" in: freepdk45.lydrc:208
    Edges: 0 (flat)  0 (hierarchical)
    Elapsed: 0.000s  Memory: 1370.00M
"with_length" in: freepdk45.lydrc:208
    Edges: 0 (flat)  0 (hierarchical)
    Elapsed: 0.010s  Memory: 1362.00M
"space" in: freepdk45.lydrc:208
    Edge pairs: 0 (flat)  0 (hierarchical)
    Elapsed: 0.000s  Memory: 1362.00M
"output" in: freepdk45.lydrc:208
    Edge pairs: 0 (flat)  0 (hierarchical)
    Elapsed: 0.000s  Memory: 1362.00M
"edges" in: freepdk45.lydrc:209
    Edges: 0 (flat)  0 (hierarchical)
    Elapsed: 0.000s  Memory: 1362.00M
"with_length" in: freepdk45.lydrc:209
    Edges: 0 (flat)  0 (hierarchical)
    Elapsed: 0.000s  Memory: 1362.00M
"space" in: freepdk45.lydrc:209
    Edge pairs: 0 (flat)  0 (hierarchical)
    Elapsed: 0.000s  Memory: 1362.00M
"output" in: freepdk45.lydrc:209
    Edge pairs: 0 (flat)  0 (hierarchical)
    Elapsed: 0.000s  Memory: 1362.00M
"edges" in: freepdk45.lydrc:210
    Edges: 0 (flat)  0 (hierarchical)
    Elapsed: 0.000s  Memory: 1362.00M
"with_length" in: freepdk45.lydrc:210
    Edges: 0 (flat)  0 (hierarchical)
    Elapsed: 0.000s  Memory: 1362.00M
"space" in: freepdk45.lydrc:210
    Edge pairs: 0 (flat)  0 (hierarchical)
    Elapsed: 0.000s  Memory: 1362.00M
"output" in: freepdk45.lydrc:210
    Edge pairs: 0 (flat)  0 (hierarchical)
    Elapsed: 0.000s  Memory: 1362.00M
"edges" in: freepdk45.lydrc:211
    Edges: 0 (flat)  0 (hierarchical)
    Elapsed: 0.000s  Memory: 1362.00M
"with_length" in: freepdk45.lydrc:211
    Edges: 0 (flat)  0 (hierarchical)
    Elapsed: 0.000s  Memory: 1362.00M
"space" in: freepdk45.lydrc:211
    Edge pairs: 0 (flat)  0 (hierarchical)
    Elapsed: 0.090s  Memory: 1386.00M
"output" in: freepdk45.lydrc:211
    Edge pairs: 0 (flat)  0 (hierarchical)
    Elapsed: 0.000s  Memory: 1386.00M
"edges" in: freepdk45.lydrc:215
    Edges: 15888 (flat)  8 (hierarchical)
    Elapsed: 0.040s  Memory: 1362.00M
"without_length" in: freepdk45.lydrc:215
    Edges: 0 (flat)  0 (hierarchical)
    Elapsed: 0.010s  Memory: 1362.00M
"output" in: freepdk45.lydrc:215
    Edges: 0 (flat)  0 (hierarchical)
    Elapsed: 0.000s  Memory: 1362.00M
"space" in: freepdk45.lydrc:216
    Edge pairs: 0 (flat)  0 (hierarchical)
    Elapsed: 0.030s  Memory: 1362.00M
"output" in: freepdk45.lydrc:216
    Edge pairs: 0 (flat)  0 (hierarchical)
    Elapsed: 0.000s  Memory: 1362.00M
"not" in: freepdk45.lydrc:217
    Polygons (raw): 0 (flat)  0 (hierarchical)
    Elapsed: 0.050s  Memory: 1370.00M
"output" in: freepdk45.lydrc:217
    Polygons (raw): 0 (flat)  0 (hierarchical)
    Elapsed: 0.000s  Memory: 1370.00M
"not" in: freepdk45.lydrc:218
    Polygons (raw): 0 (flat)  0 (hierarchical)
    Elapsed: 0.040s  Memory: 1378.00M
"output" in: freepdk45.lydrc:218
    Polygons (raw): 0 (flat)  0 (hierarchical)
    Elapsed: 0.000s  Memory: 1378.00M
"width" in: freepdk45.lydrc:221
    Edge pairs: 0 (flat)  0 (hierarchical)
    Elapsed: 0.020s  Memory: 1362.00M
"output" in: freepdk45.lydrc:221
    Edge pairs: 0 (flat)  0 (hierarchical)
    Elapsed: 0.000s  Memory: 1362.00M
"space" in: freepdk45.lydrc:222
    Edge pairs: 0 (flat)  0 (hierarchical)
    Elapsed: 0.050s  Memory: 1362.00M
"output" in: freepdk45.lydrc:222
    Edge pairs: 0 (flat)  0 (hierarchical)
    Elapsed: 0.000s  Memory: 1362.00M
"sized" in: freepdk45.lydrc:91
    Polygons (raw): 0 (flat)  0 (hierarchical)
    Elapsed: 0.000s  Memory: 1362.00M
"sized" in: freepdk45.lydrc:91
    Polygons (raw): 0 (flat)  0 (hierarchical)
    Elapsed: 0.000s  Memory: 1362.00M
"sized" in: freepdk45.lydrc:91
    Polygons (raw): 0 (flat)  0 (hierarchical)
    Elapsed: 0.000s  Memory: 1362.00M
"sized" in: freepdk45.lydrc:91
    Polygons (raw): 0 (flat)  0 (hierarchical)
    Elapsed: 0.000s  Memory: 1362.00M
"sized" in: freepdk45.lydrc:91
    Polygons (raw): 0 (flat)  0 (hierarchical)
    Elapsed: 0.000s  Memory: 1362.00M
"sized" in: freepdk45.lydrc:91
    Polygons (raw): 0 (flat)  0 (hierarchical)
    Elapsed: 0.000s  Memory: 1362.00M
"edges" in: freepdk45.lydrc:224
    Edges: 0 (flat)  0 (hierarchical)
    Elapsed: 0.000s  Memory: 1362.00M
"with_length" in: freepdk45.lydrc:224
    Edges: 0 (flat)  0 (hierarchical)
    Elapsed: 0.020s  Memory: 1362.00M
"space" in: freepdk45.lydrc:224
    Edge pairs: 0 (flat)  0 (hierarchical)
    Elapsed: 0.000s  Memory: 1370.00M
"output" in: freepdk45.lydrc:224
    Edge pairs: 0 (flat)  0 (hierarchical)
    Elapsed: 0.000s  Memory: 1370.00M
"edges" in: freepdk45.lydrc:225
    Edges: 0 (flat)  0 (hierarchical)
    Elapsed: 0.000s  Memory: 1370.00M
"with_length" in: freepdk45.lydrc:225
    Edges: 0 (flat)  0 (hierarchical)
    Elapsed: 0.000s  Memory: 1362.00M
"space" in: freepdk45.lydrc:225
    Edge pairs: 0 (flat)  0 (hierarchical)
    Elapsed: 0.010s  Memory: 1362.00M
"output" in: freepdk45.lydrc:225
    Edge pairs: 0 (flat)  0 (hierarchical)
    Elapsed: 0.000s  Memory: 1362.00M
"edges" in: freepdk45.lydrc:226
    Edges: 0 (flat)  0 (hierarchical)
    Elapsed: 0.000s  Memory: 1362.00M
"with_length" in: freepdk45.lydrc:226
    Edges: 0 (flat)  0 (hierarchical)
    Elapsed: 0.000s  Memory: 1362.00M
"space" in: freepdk45.lydrc:226
    Edge pairs: 0 (flat)  0 (hierarchical)
    Elapsed: 0.000s  Memory: 1362.00M
"output" in: freepdk45.lydrc:226
    Edge pairs: 0 (flat)  0 (hierarchical)
    Elapsed: 0.000s  Memory: 1362.00M
"edges" in: freepdk45.lydrc:230
    Edges: 0 (flat)  0 (hierarchical)
    Elapsed: 0.000s  Memory: 1362.00M
"without_length" in: freepdk45.lydrc:230
    Edges: 0 (flat)  0 (hierarchical)
    Elapsed: 0.010s  Memory: 1362.00M
"output" in: freepdk45.lydrc:230
    Edges: 0 (flat)  0 (hierarchical)
    Elapsed: 0.000s  Memory: 1362.00M
"space" in: freepdk45.lydrc:231
    Edge pairs: 0 (flat)  0 (hierarchical)
    Elapsed: 0.000s  Memory: 1362.00M
"output" in: freepdk45.lydrc:231
    Edge pairs: 0 (flat)  0 (hierarchical)
    Elapsed: 0.000s  Memory: 1362.00M
"not" in: freepdk45.lydrc:232
    Polygons (raw): 0 (flat)  0 (hierarchical)
    Elapsed: 0.000s  Memory: 1362.00M
"output" in: freepdk45.lydrc:232
    Polygons (raw): 0 (flat)  0 (hierarchical)
    Elapsed: 0.000s  Memory: 1362.00M
"not" in: freepdk45.lydrc:233
    Polygons (raw): 0 (flat)  0 (hierarchical)
    Elapsed: 0.000s  Memory: 1362.00M
"output" in: freepdk45.lydrc:233
    Polygons (raw): 0 (flat)  0 (hierarchical)
    Elapsed: 0.000s  Memory: 1362.00M
"width" in: freepdk45.lydrc:236
    Edge pairs: 0 (flat)  0 (hierarchical)
    Elapsed: 0.000s  Memory: 1362.00M
"output" in: freepdk45.lydrc:236
    Edge pairs: 0 (flat)  0 (hierarchical)
    Elapsed: 0.000s  Memory: 1362.00M
"space" in: freepdk45.lydrc:237
    Edge pairs: 0 (flat)  0 (hierarchical)
    Elapsed: 0.000s  Memory: 1362.00M
"output" in: freepdk45.lydrc:237
    Edge pairs: 0 (flat)  0 (hierarchical)
    Elapsed: 0.000s  Memory: 1362.00M
"sized" in: freepdk45.lydrc:91
    Polygons (raw): 0 (flat)  0 (hierarchical)
    Elapsed: 0.000s  Memory: 1362.00M
"sized" in: freepdk45.lydrc:91
    Polygons (raw): 0 (flat)  0 (hierarchical)
    Elapsed: 0.000s  Memory: 1362.00M
"sized" in: freepdk45.lydrc:91
    Polygons (raw): 0 (flat)  0 (hierarchical)
    Elapsed: 0.000s  Memory: 1362.00M
"sized" in: freepdk45.lydrc:91
    Polygons (raw): 0 (flat)  0 (hierarchical)
    Elapsed: 0.000s  Memory: 1362.00M
"sized" in: freepdk45.lydrc:91
    Polygons (raw): 0 (flat)  0 (hierarchical)
    Elapsed: 0.000s  Memory: 1362.00M
"sized" in: freepdk45.lydrc:91
    Polygons (raw): 0 (flat)  0 (hierarchical)
    Elapsed: 0.000s  Memory: 1362.00M
"edges" in: freepdk45.lydrc:239
    Edges: 0 (flat)  0 (hierarchical)
    Elapsed: 0.000s  Memory: 1362.00M
"with_length" in: freepdk45.lydrc:239
    Edges: 0 (flat)  0 (hierarchical)
    Elapsed: 0.000s  Memory: 1362.00M
"space" in: freepdk45.lydrc:239
    Edge pairs: 0 (flat)  0 (hierarchical)
    Elapsed: 0.000s  Memory: 1362.00M
"output" in: freepdk45.lydrc:239
    Edge pairs: 0 (flat)  0 (hierarchical)
    Elapsed: 0.000s  Memory: 1362.00M
"edges" in: freepdk45.lydrc:240
    Edges: 0 (flat)  0 (hierarchical)
    Elapsed: 0.000s  Memory: 1362.00M
"with_length" in: freepdk45.lydrc:240
    Edges: 0 (flat)  0 (hierarchical)
    Elapsed: 0.000s  Memory: 1362.00M
"space" in: freepdk45.lydrc:240
    Edge pairs: 0 (flat)  0 (hierarchical)
    Elapsed: 0.000s  Memory: 1362.00M
"output" in: freepdk45.lydrc:240
    Edge pairs: 0 (flat)  0 (hierarchical)
    Elapsed: 0.000s  Memory: 1362.00M
"edges" in: freepdk45.lydrc:241
    Edges: 0 (flat)  0 (hierarchical)
    Elapsed: 0.000s  Memory: 1362.00M
"with_length" in: freepdk45.lydrc:241
    Edges: 0 (flat)  0 (hierarchical)
    Elapsed: 0.000s  Memory: 1362.00M
"space" in: freepdk45.lydrc:241
    Edge pairs: 0 (flat)  0 (hierarchical)
    Elapsed: 0.010s  Memory: 1362.00M
"output" in: freepdk45.lydrc:241
    Edge pairs: 0 (flat)  0 (hierarchical)
    Elapsed: 0.000s  Memory: 1362.00M
"edges" in: freepdk45.lydrc:245
    Edges: 0 (flat)  0 (hierarchical)
    Elapsed: 0.000s  Memory: 1362.00M
"without_length" in: freepdk45.lydrc:245
    Edges: 0 (flat)  0 (hierarchical)
    Elapsed: 0.010s  Memory: 1362.00M
"output" in: freepdk45.lydrc:245
    Edges: 0 (flat)  0 (hierarchical)
    Elapsed: 0.000s  Memory: 1362.00M
"space" in: freepdk45.lydrc:246
    Edge pairs: 0 (flat)  0 (hierarchical)
    Elapsed: 0.000s  Memory: 1362.00M
"output" in: freepdk45.lydrc:246
    Edge pairs: 0 (flat)  0 (hierarchical)
    Elapsed: 0.000s  Memory: 1362.00M
"not" in: freepdk45.lydrc:247
    Polygons (raw): 0 (flat)  0 (hierarchical)
    Elapsed: 0.000s  Memory: 1362.00M
"output" in: freepdk45.lydrc:247
    Polygons (raw): 0 (flat)  0 (hierarchical)
    Elapsed: 0.000s  Memory: 1362.00M
"not" in: freepdk45.lydrc:248
    Polygons (raw): 0 (flat)  0 (hierarchical)
    Elapsed: 0.000s  Memory: 1362.00M
"output" in: freepdk45.lydrc:248
    Polygons (raw): 0 (flat)  0 (hierarchical)
    Elapsed: 0.000s  Memory: 1362.00M
"width" in: freepdk45.lydrc:251
    Edge pairs: 0 (flat)  0 (hierarchical)
    Elapsed: 0.000s  Memory: 1362.00M
"output" in: freepdk45.lydrc:251
    Edge pairs: 0 (flat)  0 (hierarchical)
    Elapsed: 0.000s  Memory: 1362.00M
"space" in: freepdk45.lydrc:252
    Edge pairs: 0 (flat)  0 (hierarchical)
    Elapsed: 0.000s  Memory: 1362.00M
"output" in: freepdk45.lydrc:252
    Edge pairs: 0 (flat)  0 (hierarchical)
    Elapsed: 0.000s  Memory: 1362.00M
"sized" in: freepdk45.lydrc:91
    Polygons (raw): 0 (flat)  0 (hierarchical)
    Elapsed: 0.000s  Memory: 1362.00M
"sized" in: freepdk45.lydrc:91
    Polygons (raw): 0 (flat)  0 (hierarchical)
    Elapsed: 0.000s  Memory: 1362.00M
"sized" in: freepdk45.lydrc:91
    Polygons (raw): 0 (flat)  0 (hierarchical)
    Elapsed: 0.000s  Memory: 1362.00M
"sized" in: freepdk45.lydrc:91
    Polygons (raw): 0 (flat)  0 (hierarchical)
    Elapsed: 0.000s  Memory: 1362.00M
"sized" in: freepdk45.lydrc:91
    Polygons (raw): 0 (flat)  0 (hierarchical)
    Elapsed: 0.000s  Memory: 1362.00M
"sized" in: freepdk45.lydrc:91
    Polygons (raw): 0 (flat)  0 (hierarchical)
    Elapsed: 0.000s  Memory: 1362.00M
"edges" in: freepdk45.lydrc:254
    Edges: 0 (flat)  0 (hierarchical)
    Elapsed: 0.000s  Memory: 1362.00M
"with_length" in: freepdk45.lydrc:254
    Edges: 0 (flat)  0 (hierarchical)
    Elapsed: 0.000s  Memory: 1362.00M
"space" in: freepdk45.lydrc:254
    Edge pairs: 0 (flat)  0 (hierarchical)
    Elapsed: 0.000s  Memory: 1362.00M
"output" in: freepdk45.lydrc:254
    Edge pairs: 0 (flat)  0 (hierarchical)
    Elapsed: 0.000s  Memory: 1362.00M
"edges" in: freepdk45.lydrc:255
    Edges: 0 (flat)  0 (hierarchical)
    Elapsed: 0.000s  Memory: 1362.00M
"with_length" in: freepdk45.lydrc:255
    Edges: 0 (flat)  0 (hierarchical)
    Elapsed: 0.000s  Memory: 1362.00M
"space" in: freepdk45.lydrc:255
    Edge pairs: 0 (flat)  0 (hierarchical)
    Elapsed: 0.000s  Memory: 1362.00M
"output" in: freepdk45.lydrc:255
    Edge pairs: 0 (flat)  0 (hierarchical)
    Elapsed: 0.000s  Memory: 1362.00M
"edges" in: freepdk45.lydrc:256
    Edges: 0 (flat)  0 (hierarchical)
    Elapsed: 0.000s  Memory: 1362.00M
"with_length" in: freepdk45.lydrc:256
    Edges: 0 (flat)  0 (hierarchical)
    Elapsed: 0.010s  Memory: 1362.00M
"space" in: freepdk45.lydrc:256
    Edge pairs: 0 (flat)  0 (hierarchical)
    Elapsed: 0.000s  Memory: 1362.00M
"output" in: freepdk45.lydrc:256
    Edge pairs: 0 (flat)  0 (hierarchical)
    Elapsed: 0.000s  Memory: 1362.00M
"edges" in: freepdk45.lydrc:260
    Edges: 0 (flat)  0 (hierarchical)
    Elapsed: 0.000s  Memory: 1362.00M
"without_length" in: freepdk45.lydrc:260
    Edges: 0 (flat)  0 (hierarchical)
    Elapsed: 0.010s  Memory: 1362.00M
"output" in: freepdk45.lydrc:260
    Edges: 0 (flat)  0 (hierarchical)
    Elapsed: 0.000s  Memory: 1362.00M
"space" in: freepdk45.lydrc:261
    Edge pairs: 0 (flat)  0 (hierarchical)
    Elapsed: 0.000s  Memory: 1362.00M
"output" in: freepdk45.lydrc:261
    Edge pairs: 0 (flat)  0 (hierarchical)
    Elapsed: 0.000s  Memory: 1362.00M
"not" in: freepdk45.lydrc:262
    Polygons (raw): 0 (flat)  0 (hierarchical)
    Elapsed: 0.000s  Memory: 1362.00M
"output" in: freepdk45.lydrc:262
    Polygons (raw): 0 (flat)  0 (hierarchical)
    Elapsed: 0.000s  Memory: 1362.00M
"not" in: freepdk45.lydrc:263
    Polygons (raw): 0 (flat)  0 (hierarchical)
    Elapsed: 0.000s  Memory: 1362.00M
"output" in: freepdk45.lydrc:263
    Polygons (raw): 0 (flat)  0 (hierarchical)
    Elapsed: 0.000s  Memory: 1362.00M
"width" in: freepdk45.lydrc:266
    Edge pairs: 0 (flat)  0 (hierarchical)
    Elapsed: 0.000s  Memory: 1362.00M
"output" in: freepdk45.lydrc:266
    Edge pairs: 0 (flat)  0 (hierarchical)
    Elapsed: 0.000s  Memory: 1362.00M
"space" in: freepdk45.lydrc:267
    Edge pairs: 0 (flat)  0 (hierarchical)
    Elapsed: 0.000s  Memory: 1362.00M
"output" in: freepdk45.lydrc:267
    Edge pairs: 0 (flat)  0 (hierarchical)
    Elapsed: 0.000s  Memory: 1362.00M
"sized" in: freepdk45.lydrc:91
    Polygons (raw): 0 (flat)  0 (hierarchical)
    Elapsed: 0.000s  Memory: 1362.00M
"sized" in: freepdk45.lydrc:91
    Polygons (raw): 0 (flat)  0 (hierarchical)
    Elapsed: 0.000s  Memory: 1362.00M
"sized" in: freepdk45.lydrc:91
    Polygons (raw): 0 (flat)  0 (hierarchical)
    Elapsed: 0.000s  Memory: 1362.00M
"sized" in: freepdk45.lydrc:91
    Polygons (raw): 0 (flat)  0 (hierarchical)
    Elapsed: 0.000s  Memory: 1362.00M
"sized" in: freepdk45.lydrc:91
    Polygons (raw): 0 (flat)  0 (hierarchical)
    Elapsed: 0.000s  Memory: 1362.00M
"sized" in: freepdk45.lydrc:91
    Polygons (raw): 0 (flat)  0 (hierarchical)
    Elapsed: 0.000s  Memory: 1362.00M
"edges" in: freepdk45.lydrc:269
    Edges: 0 (flat)  0 (hierarchical)
    Elapsed: 0.000s  Memory: 1362.00M
"with_length" in: freepdk45.lydrc:269
    Edges: 0 (flat)  0 (hierarchical)
    Elapsed: 0.010s  Memory: 1362.00M
"space" in: freepdk45.lydrc:269
    Edge pairs: 0 (flat)  0 (hierarchical)
    Elapsed: 0.000s  Memory: 1362.00M
"output" in: freepdk45.lydrc:269
    Edge pairs: 0 (flat)  0 (hierarchical)
    Elapsed: 0.000s  Memory: 1362.00M
"edges" in: freepdk45.lydrc:270
    Edges: 0 (flat)  0 (hierarchical)
    Elapsed: 0.000s  Memory: 1362.00M
"with_length" in: freepdk45.lydrc:270
    Edges: 0 (flat)  0 (hierarchical)
    Elapsed: 0.000s  Memory: 1362.00M
"space" in: freepdk45.lydrc:270
    Edge pairs: 0 (flat)  0 (hierarchical)
    Elapsed: 0.010s  Memory: 1362.00M
"output" in: freepdk45.lydrc:270
    Edge pairs: 0 (flat)  0 (hierarchical)
    Elapsed: 0.000s  Memory: 1362.00M
"edges" in: freepdk45.lydrc:271
    Edges: 0 (flat)  0 (hierarchical)
    Elapsed: 0.000s  Memory: 1362.00M
"with_length" in: freepdk45.lydrc:271
    Edges: 0 (flat)  0 (hierarchical)
    Elapsed: 0.000s  Memory: 1362.00M
"space" in: freepdk45.lydrc:271
    Edge pairs: 0 (flat)  0 (hierarchical)
    Elapsed: 0.000s  Memory: 1362.00M
"output" in: freepdk45.lydrc:271
    Edge pairs: 0 (flat)  0 (hierarchical)
    Elapsed: 0.000s  Memory: 1362.00M
"edges" in: freepdk45.lydrc:275
    Edges: 0 (flat)  0 (hierarchical)
    Elapsed: 0.000s  Memory: 1362.00M
"without_length" in: freepdk45.lydrc:275
    Edges: 0 (flat)  0 (hierarchical)
    Elapsed: 0.000s  Memory: 1362.00M
"output" in: freepdk45.lydrc:275
    Edges: 0 (flat)  0 (hierarchical)
    Elapsed: 0.000s  Memory: 1362.00M
"space" in: freepdk45.lydrc:276
    Edge pairs: 0 (flat)  0 (hierarchical)
    Elapsed: 0.000s  Memory: 1362.00M
"output" in: freepdk45.lydrc:276
    Edge pairs: 0 (flat)  0 (hierarchical)
    Elapsed: 0.000s  Memory: 1362.00M
"not" in: freepdk45.lydrc:277
    Polygons (raw): 0 (flat)  0 (hierarchical)
    Elapsed: 0.000s  Memory: 1362.00M
"output" in: freepdk45.lydrc:277
    Polygons (raw): 0 (flat)  0 (hierarchical)
    Elapsed: 0.000s  Memory: 1362.00M
"not" in: freepdk45.lydrc:278
    Polygons (raw): 0 (flat)  0 (hierarchical)
    Elapsed: 0.000s  Memory: 1362.00M
"output" in: freepdk45.lydrc:278
    Polygons (raw): 0 (flat)  0 (hierarchical)
    Elapsed: 0.000s  Memory: 1362.00M
"width" in: freepdk45.lydrc:281
    Edge pairs: 0 (flat)  0 (hierarchical)
    Elapsed: 0.000s  Memory: 1362.00M
"output" in: freepdk45.lydrc:281
    Edge pairs: 0 (flat)  0 (hierarchical)
    Elapsed: 0.000s  Memory: 1362.00M
"space" in: freepdk45.lydrc:282
    Edge pairs: 0 (flat)  0 (hierarchical)
    Elapsed: 0.000s  Memory: 1362.00M
"output" in: freepdk45.lydrc:282
    Edge pairs: 0 (flat)  0 (hierarchical)
    Elapsed: 0.000s  Memory: 1362.00M
"sized" in: freepdk45.lydrc:91
    Polygons (raw): 0 (flat)  0 (hierarchical)
    Elapsed: 0.000s  Memory: 1362.00M
"sized" in: freepdk45.lydrc:91
    Polygons (raw): 0 (flat)  0 (hierarchical)
    Elapsed: 0.000s  Memory: 1362.00M
"sized" in: freepdk45.lydrc:91
    Polygons (raw): 0 (flat)  0 (hierarchical)
    Elapsed: 0.000s  Memory: 1362.00M
"sized" in: freepdk45.lydrc:91
    Polygons (raw): 0 (flat)  0 (hierarchical)
    Elapsed: 0.000s  Memory: 1362.00M
"sized" in: freepdk45.lydrc:91
    Polygons (raw): 0 (flat)  0 (hierarchical)
    Elapsed: 0.000s  Memory: 1362.00M
"sized" in: freepdk45.lydrc:91
    Polygons (raw): 0 (flat)  0 (hierarchical)
    Elapsed: 0.000s  Memory: 1362.00M
"edges" in: freepdk45.lydrc:284
    Edges: 0 (flat)  0 (hierarchical)
    Elapsed: 0.000s  Memory: 1362.00M
"with_length" in: freepdk45.lydrc:284
    Edges: 0 (flat)  0 (hierarchical)
    Elapsed: 0.010s  Memory: 1362.00M
"space" in: freepdk45.lydrc:284
    Edge pairs: 0 (flat)  0 (hierarchical)
    Elapsed: 0.000s  Memory: 1362.00M
"output" in: freepdk45.lydrc:284
    Edge pairs: 0 (flat)  0 (hierarchical)
    Elapsed: 0.000s  Memory: 1362.00M
"edges" in: freepdk45.lydrc:285
    Edges: 0 (flat)  0 (hierarchical)
    Elapsed: 0.000s  Memory: 1362.00M
"with_length" in: freepdk45.lydrc:285
    Edges: 0 (flat)  0 (hierarchical)
    Elapsed: 0.010s  Memory: 1362.00M
"space" in: freepdk45.lydrc:285
    Edge pairs: 0 (flat)  0 (hierarchical)
    Elapsed: 0.000s  Memory: 1362.00M
"output" in: freepdk45.lydrc:285
    Edge pairs: 0 (flat)  0 (hierarchical)
    Elapsed: 0.000s  Memory: 1362.00M
"edges" in: freepdk45.lydrc:286
    Edges: 0 (flat)  0 (hierarchical)
    Elapsed: 0.000s  Memory: 1362.00M
"with_length" in: freepdk45.lydrc:286
    Edges: 0 (flat)  0 (hierarchical)
    Elapsed: 0.010s  Memory: 1362.00M
"space" in: freepdk45.lydrc:286
    Edge pairs: 0 (flat)  0 (hierarchical)
    Elapsed: 0.000s  Memory: 1362.00M
"output" in: freepdk45.lydrc:286
    Edge pairs: 0 (flat)  0 (hierarchical)
    Elapsed: 0.000s  Memory: 1362.00M
"edges" in: freepdk45.lydrc:290
    Edges: 0 (flat)  0 (hierarchical)
    Elapsed: 0.000s  Memory: 1362.00M
"without_length" in: freepdk45.lydrc:290
    Edges: 0 (flat)  0 (hierarchical)
    Elapsed: 0.000s  Memory: 1362.00M
"output" in: freepdk45.lydrc:290
    Edges: 0 (flat)  0 (hierarchical)
    Elapsed: 0.000s  Memory: 1362.00M
"space" in: freepdk45.lydrc:291
    Edge pairs: 0 (flat)  0 (hierarchical)
    Elapsed: 0.000s  Memory: 1362.00M
"output" in: freepdk45.lydrc:291
    Edge pairs: 0 (flat)  0 (hierarchical)
    Elapsed: 0.000s  Memory: 1362.00M
"not" in: freepdk45.lydrc:292
    Polygons (raw): 0 (flat)  0 (hierarchical)
    Elapsed: 0.000s  Memory: 1362.00M
"output" in: freepdk45.lydrc:292
    Polygons (raw): 0 (flat)  0 (hierarchical)
    Elapsed: 0.000s  Memory: 1362.00M
"not" in: freepdk45.lydrc:293
    Polygons (raw): 0 (flat)  0 (hierarchical)
    Elapsed: 0.000s  Memory: 1362.00M
"output" in: freepdk45.lydrc:293
    Polygons (raw): 0 (flat)  0 (hierarchical)
    Elapsed: 0.000s  Memory: 1362.00M
"width" in: freepdk45.lydrc:296
    Edge pairs: 0 (flat)  0 (hierarchical)
    Elapsed: 0.000s  Memory: 1362.00M
"output" in: freepdk45.lydrc:296
    Edge pairs: 0 (flat)  0 (hierarchical)
    Elapsed: 0.000s  Memory: 1362.00M
"space" in: freepdk45.lydrc:297
    Edge pairs: 0 (flat)  0 (hierarchical)
    Elapsed: 0.000s  Memory: 1362.00M
"output" in: freepdk45.lydrc:297
    Edge pairs: 0 (flat)  0 (hierarchical)
    Elapsed: 0.000s  Memory: 1362.00M
"sized" in: freepdk45.lydrc:91
    Polygons (raw): 0 (flat)  0 (hierarchical)
    Elapsed: 0.000s  Memory: 1362.00M
"sized" in: freepdk45.lydrc:91
    Polygons (raw): 0 (flat)  0 (hierarchical)
    Elapsed: 0.000s  Memory: 1362.00M
"sized" in: freepdk45.lydrc:91
    Polygons (raw): 0 (flat)  0 (hierarchical)
    Elapsed: 0.000s  Memory: 1362.00M
"sized" in: freepdk45.lydrc:91
    Polygons (raw): 0 (flat)  0 (hierarchical)
    Elapsed: 0.000s  Memory: 1362.00M
"sized" in: freepdk45.lydrc:91
    Polygons (raw): 0 (flat)  0 (hierarchical)
    Elapsed: 0.000s  Memory: 1362.00M
"sized" in: freepdk45.lydrc:91
    Polygons (raw): 0 (flat)  0 (hierarchical)
    Elapsed: 0.000s  Memory: 1362.00M
"edges" in: freepdk45.lydrc:299
    Edges: 0 (flat)  0 (hierarchical)
    Elapsed: 0.000s  Memory: 1362.00M
"with_length" in: freepdk45.lydrc:299
    Edges: 0 (flat)  0 (hierarchical)
    Elapsed: 0.000s  Memory: 1362.00M
"space" in: freepdk45.lydrc:299
    Edge pairs: 0 (flat)  0 (hierarchical)
    Elapsed: 0.000s  Memory: 1362.00M
"output" in: freepdk45.lydrc:299
    Edge pairs: 0 (flat)  0 (hierarchical)
    Elapsed: 0.000s  Memory: 1362.00M
"edges" in: freepdk45.lydrc:300
    Edges: 0 (flat)  0 (hierarchical)
    Elapsed: 0.000s  Memory: 1362.00M
"with_length" in: freepdk45.lydrc:300
    Edges: 0 (flat)  0 (hierarchical)
    Elapsed: 0.010s  Memory: 1362.00M
"space" in: freepdk45.lydrc:300
    Edge pairs: 0 (flat)  0 (hierarchical)
    Elapsed: 0.000s  Memory: 1362.00M
"output" in: freepdk45.lydrc:300
    Edge pairs: 0 (flat)  0 (hierarchical)
    Elapsed: 0.000s  Memory: 1362.00M
"edges" in: freepdk45.lydrc:301
    Edges: 0 (flat)  0 (hierarchical)
    Elapsed: 0.000s  Memory: 1362.00M
"with_length" in: freepdk45.lydrc:301
    Edges: 0 (flat)  0 (hierarchical)
    Elapsed: 0.010s  Memory: 1362.00M
"space" in: freepdk45.lydrc:301
    Edge pairs: 0 (flat)  0 (hierarchical)
    Elapsed: 0.000s  Memory: 1362.00M
"output" in: freepdk45.lydrc:301
    Edge pairs: 0 (flat)  0 (hierarchical)
    Elapsed: 0.000s  Memory: 1362.00M
"edges" in: freepdk45.lydrc:305
    Edges: 0 (flat)  0 (hierarchical)
    Elapsed: 0.000s  Memory: 1362.00M
"without_length" in: freepdk45.lydrc:305
    Edges: 0 (flat)  0 (hierarchical)
    Elapsed: 0.000s  Memory: 1362.00M
"output" in: freepdk45.lydrc:305
    Edges: 0 (flat)  0 (hierarchical)
    Elapsed: 0.000s  Memory: 1362.00M
"space" in: freepdk45.lydrc:306
    Edge pairs: 0 (flat)  0 (hierarchical)
    Elapsed: 0.000s  Memory: 1362.00M
"output" in: freepdk45.lydrc:306
    Edge pairs: 0 (flat)  0 (hierarchical)
    Elapsed: 0.000s  Memory: 1362.00M
"not" in: freepdk45.lydrc:307
    Polygons (raw): 0 (flat)  0 (hierarchical)
    Elapsed: 0.000s  Memory: 1362.00M
"output" in: freepdk45.lydrc:307
    Polygons (raw): 0 (flat)  0 (hierarchical)
    Elapsed: 0.000s  Memory: 1362.00M
"not" in: freepdk45.lydrc:308
    Polygons (raw): 0 (flat)  0 (hierarchical)
    Elapsed: 0.000s  Memory: 1362.00M
"output" in: freepdk45.lydrc:308
    Polygons (raw): 0 (flat)  0 (hierarchical)
    Elapsed: 0.000s  Memory: 1362.00M
"width" in: freepdk45.lydrc:311
    Edge pairs: 0 (flat)  0 (hierarchical)
    Elapsed: 0.000s  Memory: 1362.00M
"output" in: freepdk45.lydrc:311
    Edge pairs: 0 (flat)  0 (hierarchical)
    Elapsed: 0.000s  Memory: 1362.00M
"space" in: freepdk45.lydrc:312
    Edge pairs: 0 (flat)  0 (hierarchical)
    Elapsed: 0.000s  Memory: 1362.00M
"output" in: freepdk45.lydrc:312
    Edge pairs: 0 (flat)  0 (hierarchical)
    Elapsed: 0.000s  Memory: 1362.00M
"sized" in: freepdk45.lydrc:91
    Polygons (raw): 0 (flat)  0 (hierarchical)
    Elapsed: 0.000s  Memory: 1362.00M
"sized" in: freepdk45.lydrc:91
    Polygons (raw): 0 (flat)  0 (hierarchical)
    Elapsed: 0.000s  Memory: 1362.00M
"sized" in: freepdk45.lydrc:91
    Polygons (raw): 0 (flat)  0 (hierarchical)
    Elapsed: 0.000s  Memory: 1362.00M
"sized" in: freepdk45.lydrc:91
    Polygons (raw): 0 (flat)  0 (hierarchical)
    Elapsed: 0.020s  Memory: 1362.00M
"sized" in: freepdk45.lydrc:91
    Polygons (raw): 0 (flat)  0 (hierarchical)
    Elapsed: 0.000s  Memory: 1362.00M
"sized" in: freepdk45.lydrc:91
    Polygons (raw): 0 (flat)  0 (hierarchical)
    Elapsed: 0.000s  Memory: 1362.00M
"edges" in: freepdk45.lydrc:314
    Edges: 0 (flat)  0 (hierarchical)
    Elapsed: 0.000s  Memory: 1362.00M
"with_length" in: freepdk45.lydrc:314
    Edges: 0 (flat)  0 (hierarchical)
    Elapsed: 0.010s  Memory: 1362.00M
"space" in: freepdk45.lydrc:314
    Edge pairs: 0 (flat)  0 (hierarchical)
    Elapsed: 0.000s  Memory: 1362.00M
"output" in: freepdk45.lydrc:314
    Edge pairs: 0 (flat)  0 (hierarchical)
    Elapsed: 0.000s  Memory: 1362.00M
"edges" in: freepdk45.lydrc:315
    Edges: 0 (flat)  0 (hierarchical)
    Elapsed: 0.000s  Memory: 1362.00M
"with_length" in: freepdk45.lydrc:315
    Edges: 0 (flat)  0 (hierarchical)
    Elapsed: 0.000s  Memory: 1362.00M
"space" in: freepdk45.lydrc:315
    Edge pairs: 0 (flat)  0 (hierarchical)
    Elapsed: 0.000s  Memory: 1362.00M
"output" in: freepdk45.lydrc:315
    Edge pairs: 0 (flat)  0 (hierarchical)
    Elapsed: 0.000s  Memory: 1362.00M
"edges" in: freepdk45.lydrc:316
    Edges: 0 (flat)  0 (hierarchical)
    Elapsed: 0.000s  Memory: 1362.00M
"with_length" in: freepdk45.lydrc:316
    Edges: 0 (flat)  0 (hierarchical)
    Elapsed: 0.010s  Memory: 1362.00M
"space" in: freepdk45.lydrc:316
    Edge pairs: 0 (flat)  0 (hierarchical)
    Elapsed: 0.010s  Memory: 1362.00M
"output" in: freepdk45.lydrc:316
    Edge pairs: 0 (flat)  0 (hierarchical)
    Elapsed: 0.000s  Memory: 1362.00M
GRID section
"ongrid" in: freepdk45.lydrc:333
    Edge pairs: 0 (flat)  0 (hierarchical)
    Elapsed: 0.000s  Memory: 1362.00M
"polygons" in: freepdk45.lydrc:333
    Polygons (raw): 0 (flat)  0 (hierarchical)
    Elapsed: 0.000s  Memory: 1362.00M
"output" in: freepdk45.lydrc:334
    Polygons (raw): 0 (flat)  0 (hierarchical)
    Elapsed: 0.000s  Memory: 1362.00M
"ongrid" in: freepdk45.lydrc:333
    Edge pairs: 0 (flat)  0 (hierarchical)
    Elapsed: 0.000s  Memory: 1362.00M
"polygons" in: freepdk45.lydrc:333
    Polygons (raw): 0 (flat)  0 (hierarchical)
    Elapsed: 0.000s  Memory: 1362.00M
"output" in: freepdk45.lydrc:334
    Polygons (raw): 0 (flat)  0 (hierarchical)
    Elapsed: 0.000s  Memory: 1362.00M
"ongrid" in: freepdk45.lydrc:333
    Edge pairs: 0 (flat)  0 (hierarchical)
    Elapsed: 0.020s  Memory: 1362.00M
"polygons" in: freepdk45.lydrc:333
    Polygons (raw): 0 (flat)  0 (hierarchical)
    Elapsed: 0.000s  Memory: 1362.00M
"output" in: freepdk45.lydrc:334
    Polygons (raw): 0 (flat)  0 (hierarchical)
    Elapsed: 0.000s  Memory: 1362.00M
"ongrid" in: freepdk45.lydrc:333
    Edge pairs: 0 (flat)  0 (hierarchical)
    Elapsed: 0.000s  Memory: 1362.00M
"polygons" in: freepdk45.lydrc:333
    Polygons (raw): 0 (flat)  0 (hierarchical)
    Elapsed: 0.000s  Memory: 1362.00M
"output" in: freepdk45.lydrc:334
    Polygons (raw): 0 (flat)  0 (hierarchical)
    Elapsed: 0.000s  Memory: 1362.00M
"ongrid" in: freepdk45.lydrc:333
    Edge pairs: 0 (flat)  0 (hierarchical)
    Elapsed: 0.030s  Memory: 1362.00M
"polygons" in: freepdk45.lydrc:333
    Polygons (raw): 0 (flat)  0 (hierarchical)
    Elapsed: 0.000s  Memory: 1362.00M
"output" in: freepdk45.lydrc:334
    Polygons (raw): 0 (flat)  0 (hierarchical)
    Elapsed: 0.000s  Memory: 1362.00M
"ongrid" in: freepdk45.lydrc:333
    Edge pairs: 0 (flat)  0 (hierarchical)
    Elapsed: 0.030s  Memory: 1362.00M
"polygons" in: freepdk45.lydrc:333
    Polygons (raw): 0 (flat)  0 (hierarchical)
    Elapsed: 0.000s  Memory: 1362.00M
"output" in: freepdk45.lydrc:334
    Polygons (raw): 0 (flat)  0 (hierarchical)
    Elapsed: 0.000s  Memory: 1362.00M
"ongrid" in: freepdk45.lydrc:333
    Edge pairs: 0 (flat)  0 (hierarchical)
    Elapsed: 0.000s  Memory: 1362.00M
"polygons" in: freepdk45.lydrc:333
    Polygons (raw): 0 (flat)  0 (hierarchical)
    Elapsed: 0.000s  Memory: 1362.00M
"output" in: freepdk45.lydrc:334
    Polygons (raw): 0 (flat)  0 (hierarchical)
    Elapsed: 0.000s  Memory: 1362.00M
"ongrid" in: freepdk45.lydrc:333
    Edge pairs: 0 (flat)  0 (hierarchical)
    Elapsed: 0.000s  Memory: 1362.00M
"polygons" in: freepdk45.lydrc:333
    Polygons (raw): 0 (flat)  0 (hierarchical)
    Elapsed: 0.000s  Memory: 1362.00M
"output" in: freepdk45.lydrc:334
    Polygons (raw): 0 (flat)  0 (hierarchical)
    Elapsed: 0.000s  Memory: 1362.00M
"ongrid" in: freepdk45.lydrc:333
    Edge pairs: 0 (flat)  0 (hierarchical)
    Elapsed: 0.000s  Memory: 1362.00M
"polygons" in: freepdk45.lydrc:333
    Polygons (raw): 0 (flat)  0 (hierarchical)
    Elapsed: 0.000s  Memory: 1362.00M
"output" in: freepdk45.lydrc:334
    Polygons (raw): 0 (flat)  0 (hierarchical)
    Elapsed: 0.000s  Memory: 1362.00M
"ongrid" in: freepdk45.lydrc:333
    Edge pairs: 0 (flat)  0 (hierarchical)
    Elapsed: 0.010s  Memory: 1362.00M
"polygons" in: freepdk45.lydrc:333
    Polygons (raw): 0 (flat)  0 (hierarchical)
    Elapsed: 0.000s  Memory: 1362.00M
"output" in: freepdk45.lydrc:334
    Polygons (raw): 0 (flat)  0 (hierarchical)
    Elapsed: 0.000s  Memory: 1362.00M
"ongrid" in: freepdk45.lydrc:333
    Edge pairs: 0 (flat)  0 (hierarchical)
    Elapsed: 0.060s  Memory: 1362.00M
"polygons" in: freepdk45.lydrc:333
    Polygons (raw): 0 (flat)  0 (hierarchical)
    Elapsed: 0.000s  Memory: 1362.00M
"output" in: freepdk45.lydrc:334
    Polygons (raw): 0 (flat)  0 (hierarchical)
    Elapsed: 0.000s  Memory: 1362.00M
"ongrid" in: freepdk45.lydrc:333
    Edge pairs: 0 (flat)  0 (hierarchical)
    Elapsed: 0.010s  Memory: 1362.00M
"polygons" in: freepdk45.lydrc:333
    Polygons (raw): 0 (flat)  0 (hierarchical)
    Elapsed: 0.000s  Memory: 1362.00M
"output" in: freepdk45.lydrc:334
    Polygons (raw): 0 (flat)  0 (hierarchical)
    Elapsed: 0.000s  Memory: 1362.00M
"ongrid" in: freepdk45.lydrc:333
    Edge pairs: 0 (flat)  0 (hierarchical)
    Elapsed: 0.020s  Memory: 1362.00M
"polygons" in: freepdk45.lydrc:333
    Polygons (raw): 0 (flat)  0 (hierarchical)
    Elapsed: 0.000s  Memory: 1362.00M
"output" in: freepdk45.lydrc:334
    Polygons (raw): 0 (flat)  0 (hierarchical)
    Elapsed: 0.000s  Memory: 1362.00M
"ongrid" in: freepdk45.lydrc:333
    Edge pairs: 0 (flat)  0 (hierarchical)
    Elapsed: 0.000s  Memory: 1362.00M
"polygons" in: freepdk45.lydrc:333
    Polygons (raw): 0 (flat)  0 (hierarchical)
    Elapsed: 0.000s  Memory: 1362.00M
"output" in: freepdk45.lydrc:334
    Polygons (raw): 0 (flat)  0 (hierarchical)
    Elapsed: 0.000s  Memory: 1362.00M
"ongrid" in: freepdk45.lydrc:333
    Edge pairs: 0 (flat)  0 (hierarchical)
    Elapsed: 0.020s  Memory: 1362.00M
"polygons" in: freepdk45.lydrc:333
    Polygons (raw): 0 (flat)  0 (hierarchical)
    Elapsed: 0.000s  Memory: 1362.00M
"output" in: freepdk45.lydrc:334
    Polygons (raw): 0 (flat)  0 (hierarchical)
    Elapsed: 0.000s  Memory: 1362.00M
"ongrid" in: freepdk45.lydrc:333
    Edge pairs: 0 (flat)  0 (hierarchical)
    Elapsed: 0.000s  Memory: 1362.00M
"polygons" in: freepdk45.lydrc:333
    Polygons (raw): 0 (flat)  0 (hierarchical)
    Elapsed: 0.000s  Memory: 1362.00M
"output" in: freepdk45.lydrc:334
    Polygons (raw): 0 (flat)  0 (hierarchical)
    Elapsed: 0.000s  Memory: 1362.00M
"ongrid" in: freepdk45.lydrc:333
    Edge pairs: 0 (flat)  0 (hierarchical)
    Elapsed: 0.000s  Memory: 1362.00M
"polygons" in: freepdk45.lydrc:333
    Polygons (raw): 0 (flat)  0 (hierarchical)
    Elapsed: 0.000s  Memory: 1362.00M
"output" in: freepdk45.lydrc:334
    Polygons (raw): 0 (flat)  0 (hierarchical)
    Elapsed: 0.000s  Memory: 1362.00M
"ongrid" in: freepdk45.lydrc:333
    Edge pairs: 0 (flat)  0 (hierarchical)
    Elapsed: 0.000s  Memory: 1362.00M
"polygons" in: freepdk45.lydrc:333
    Polygons (raw): 0 (flat)  0 (hierarchical)
    Elapsed: 0.000s  Memory: 1362.00M
"output" in: freepdk45.lydrc:334
    Polygons (raw): 0 (flat)  0 (hierarchical)
    Elapsed: 0.000s  Memory: 1362.00M
"ongrid" in: freepdk45.lydrc:333
    Edge pairs: 0 (flat)  0 (hierarchical)
    Elapsed: 0.000s  Memory: 1362.00M
"polygons" in: freepdk45.lydrc:333
    Polygons (raw): 0 (flat)  0 (hierarchical)
    Elapsed: 0.000s  Memory: 1362.00M
"output" in: freepdk45.lydrc:334
    Polygons (raw): 0 (flat)  0 (hierarchical)
    Elapsed: 0.000s  Memory: 1362.00M
"ongrid" in: freepdk45.lydrc:333
    Edge pairs: 0 (flat)  0 (hierarchical)
    Elapsed: 0.000s  Memory: 1362.00M
"polygons" in: freepdk45.lydrc:333
    Polygons (raw): 0 (flat)  0 (hierarchical)
    Elapsed: 0.000s  Memory: 1362.00M
"output" in: freepdk45.lydrc:334
    Polygons (raw): 0 (flat)  0 (hierarchical)
    Elapsed: 0.000s  Memory: 1362.00M
"ongrid" in: freepdk45.lydrc:333
    Edge pairs: 0 (flat)  0 (hierarchical)
    Elapsed: 0.000s  Memory: 1362.00M
"polygons" in: freepdk45.lydrc:333
    Polygons (raw): 0 (flat)  0 (hierarchical)
    Elapsed: 0.000s  Memory: 1362.00M
"output" in: freepdk45.lydrc:334
    Polygons (raw): 0 (flat)  0 (hierarchical)
    Elapsed: 0.000s  Memory: 1362.00M
"ongrid" in: freepdk45.lydrc:333
    Edge pairs: 0 (flat)  0 (hierarchical)
    Elapsed: 0.000s  Memory: 1362.00M
"polygons" in: freepdk45.lydrc:333
    Polygons (raw): 0 (flat)  0 (hierarchical)
    Elapsed: 0.000s  Memory: 1362.00M
"output" in: freepdk45.lydrc:334
    Polygons (raw): 0 (flat)  0 (hierarchical)
    Elapsed: 0.000s  Memory: 1362.00M
"ongrid" in: freepdk45.lydrc:333
    Edge pairs: 0 (flat)  0 (hierarchical)
    Elapsed: 0.000s  Memory: 1362.00M
"polygons" in: freepdk45.lydrc:333
    Polygons (raw): 0 (flat)  0 (hierarchical)
    Elapsed: 0.000s  Memory: 1362.00M
"output" in: freepdk45.lydrc:334
    Polygons (raw): 0 (flat)  0 (hierarchical)
    Elapsed: 0.000s  Memory: 1362.00M
"ongrid" in: freepdk45.lydrc:333
    Edge pairs: 0 (flat)  0 (hierarchical)
    Elapsed: 0.000s  Memory: 1362.00M
"polygons" in: freepdk45.lydrc:333
    Polygons (raw): 0 (flat)  0 (hierarchical)
    Elapsed: 0.000s  Memory: 1362.00M
"output" in: freepdk45.lydrc:334
    Polygons (raw): 0 (flat)  0 (hierarchical)
    Elapsed: 0.000s  Memory: 1362.00M
"ongrid" in: freepdk45.lydrc:333
    Edge pairs: 0 (flat)  0 (hierarchical)
    Elapsed: 0.000s  Memory: 1362.00M
"polygons" in: freepdk45.lydrc:333
    Polygons (raw): 0 (flat)  0 (hierarchical)
    Elapsed: 0.000s  Memory: 1362.00M
"output" in: freepdk45.lydrc:334
    Polygons (raw): 0 (flat)  0 (hierarchical)
    Elapsed: 0.000s  Memory: 1362.00M
"ongrid" in: freepdk45.lydrc:333
    Edge pairs: 0 (flat)  0 (hierarchical)
    Elapsed: 0.000s  Memory: 1362.00M
"polygons" in: freepdk45.lydrc:333
    Polygons (raw): 0 (flat)  0 (hierarchical)
    Elapsed: 0.000s  Memory: 1362.00M
"output" in: freepdk45.lydrc:334
    Polygons (raw): 0 (flat)  0 (hierarchical)
    Elapsed: 0.000s  Memory: 1362.00M
"ongrid" in: freepdk45.lydrc:333
    Edge pairs: 0 (flat)  0 (hierarchical)
    Elapsed: 0.000s  Memory: 1362.00M
"polygons" in: freepdk45.lydrc:333
    Polygons (raw): 0 (flat)  0 (hierarchical)
    Elapsed: 0.000s  Memory: 1362.00M
"output" in: freepdk45.lydrc:334
    Polygons (raw): 0 (flat)  0 (hierarchical)
    Elapsed: 0.000s  Memory: 1362.00M
"ongrid" in: freepdk45.lydrc:333
    Edge pairs: 0 (flat)  0 (hierarchical)
    Elapsed: 0.000s  Memory: 1362.00M
"polygons" in: freepdk45.lydrc:333
    Polygons (raw): 0 (flat)  0 (hierarchical)
    Elapsed: 0.000s  Memory: 1362.00M
"output" in: freepdk45.lydrc:334
    Polygons (raw): 0 (flat)  0 (hierarchical)
    Elapsed: 0.000s  Memory: 1362.00M
ANTENNA section
"-" in: freepdk45.lydrc:343
    Polygons (raw): 349870 (flat)  202 (hierarchical)
    Elapsed: 0.040s  Memory: 1362.00M
"&" in: freepdk45.lydrc:343
    Polygons (raw): 139937 (flat)  95 (hierarchical)
    Elapsed: 0.020s  Memory: 1362.00M
"antenna_check" in: freepdk45.lydrc:351
    Elapsed: 0.290s  Memory: 1362.00M
"antenna_check" in: freepdk45.lydrc:351
    Polygons (raw): 0 (flat)  0 (hierarchical)
    Elapsed: 0.060s  Memory: 1362.00M
"output" in: freepdk45.lydrc:351
    Polygons (raw): 0 (flat)  0 (hierarchical)
    Elapsed: 0.000s  Memory: 1362.00M
"antenna_check" in: freepdk45.lydrc:357
    Elapsed: 0.990s  Memory: 1362.00M
"antenna_check" in: freepdk45.lydrc:357
    Polygons (raw): 0 (flat)  0 (hierarchical)
    Elapsed: 0.210s  Memory: 1362.00M
"output" in: freepdk45.lydrc:357
    Polygons (raw): 0 (flat)  0 (hierarchical)
    Elapsed: 0.000s  Memory: 1362.00M
"antenna_check" in: freepdk45.lydrc:363
    Elapsed: 1.090s  Memory: 1362.00M
"antenna_check" in: freepdk45.lydrc:363
    Polygons (raw): 0 (flat)  0 (hierarchical)
    Elapsed: 0.200s  Memory: 1388.00M
"output" in: freepdk45.lydrc:363
    Polygons (raw): 0 (flat)  0 (hierarchical)
    Elapsed: 0.000s  Memory: 1388.00M
"antenna_check" in: freepdk45.lydrc:369
    Elapsed: 1.130s  Memory: 1388.00M
"antenna_check" in: freepdk45.lydrc:369
    Polygons (raw): 0 (flat)  0 (hierarchical)
    Elapsed: 0.200s  Memory: 1388.00M
"output" in: freepdk45.lydrc:369
    Polygons (raw): 0 (flat)  0 (hierarchical)
    Elapsed: 0.010s  Memory: 1388.00M
"antenna_check" in: freepdk45.lydrc:375
    Elapsed: 1.130s  Memory: 1388.00M
"antenna_check" in: freepdk45.lydrc:375
    Polygons (raw): 0 (flat)  0 (hierarchical)
    Elapsed: 0.210s  Memory: 1388.00M
"output" in: freepdk45.lydrc:375
    Polygons (raw): 0 (flat)  0 (hierarchical)
    Elapsed: 0.000s  Memory: 1388.00M
"antenna_check" in: freepdk45.lydrc:381
    Elapsed: 1.130s  Memory: 1388.00M
"antenna_check" in: freepdk45.lydrc:381
    Polygons (raw): 0 (flat)  0 (hierarchical)
    Elapsed: 0.210s  Memory: 1388.00M
"output" in: freepdk45.lydrc:381
    Polygons (raw): 0 (flat)  0 (hierarchical)
    Elapsed: 0.000s  Memory: 1388.00M
"antenna_check" in: freepdk45.lydrc:387
    Elapsed: 1.130s  Memory: 1388.00M
"antenna_check" in: freepdk45.lydrc:387
    Polygons (raw): 0 (flat)  0 (hierarchical)
    Elapsed: 0.210s  Memory: 1388.00M
"output" in: freepdk45.lydrc:387
    Polygons (raw): 0 (flat)  0 (hierarchical)
    Elapsed: 0.000s  Memory: 1388.00M
"antenna_check" in: freepdk45.lydrc:393
    Elapsed: 1.130s  Memory: 1388.00M
"antenna_check" in: freepdk45.lydrc:393
    Polygons (raw): 0 (flat)  0 (hierarchical)
    Elapsed: 0.200s  Memory: 1388.00M
"output" in: freepdk45.lydrc:393
    Polygons (raw): 0 (flat)  0 (hierarchical)
    Elapsed: 0.000s  Memory: 1388.00M
"antenna_check" in: freepdk45.lydrc:399
    Elapsed: 1.130s  Memory: 1388.00M
"antenna_check" in: freepdk45.lydrc:399
    Polygons (raw): 0 (flat)  0 (hierarchical)
    Elapsed: 0.200s  Memory: 1388.00M
"output" in: freepdk45.lydrc:399
    Polygons (raw): 0 (flat)  0 (hierarchical)
    Elapsed: 0.000s  Memory: 1388.00M
"antenna_check" in: freepdk45.lydrc:405
    Elapsed: 1.130s  Memory: 1388.00M
"antenna_check" in: freepdk45.lydrc:405
    Polygons (raw): 0 (flat)  0 (hierarchical)
    Elapsed: 0.210s  Memory: 1388.00M
"output" in: freepdk45.lydrc:405
    Polygons (raw): 0 (flat)  0 (hierarchical)
    Elapsed: 0.000s  Memory: 1388.00M
Writing report database: /home/klenn/Desktop/Digital_Design/OpenRAM/macros/custom_sram_1r1w_32_256_freepdk45/tmp/custom_sram_1r1w_32_256_freepdk45.drc.report ..
Total elapsed: 35.190s  Memory: 1388.00M
DRC finished at : 9:2:40  -  DRC duration =  0 hrs. 0 min. 26 sec.
